This file contains any messages produced by compilers while
running configure, to aid debugging if configure makes a mistake.

It was created by configure, which was
generated by GNU Autoconf 2.69.  Invocation command line was

  $ ./configure 

## --------- ##
## Platform. ##
## --------- ##

hostname = californium
uname -m = i686
uname -r = 3.2.0-58-generic-pae
uname -s = Linux
uname -v = #88-Ubuntu SMP Tue Dec 3 18:00:02 UTC 2013

/usr/bin/uname -p = unknown
/bin/uname -X     = unknown

/bin/arch              = unknown
/usr/bin/arch -k       = unknown
/usr/convex/getsysinfo = unknown
/usr/bin/hostinfo      = unknown
/bin/machine           = unknown
/usr/bin/oslevel       = unknown
/bin/universe          = unknown

PATH: /usr/local/texlive/2013/bin/i386-linux
PATH: /usr/lib/lightdm/lightdm
PATH: /usr/local/sbin
PATH: /usr/local/bin
PATH: /usr/sbin
PATH: /usr/bin
PATH: /sbin
PATH: /bin
PATH: /usr/games
PATH: /home/jeremie/sim/omnetpp-4.2.1/bin


## ----------- ##
## Core tests. ##
## ----------- ##

configure:2291: checking for a BSD-compatible install
configure:2359: result: /usr/bin/install -c
configure:2370: checking whether build environment is sane
configure:2420: result: yes
configure:2561: checking for a thread-safe mkdir -p
configure:2600: result: /bin/mkdir -p
configure:2613: checking for gawk
configure:2643: result: no
configure:2613: checking for mawk
configure:2629: found /usr/bin/mawk
configure:2640: result: mawk
configure:2651: checking whether make sets $(MAKE)
configure:2673: result: yes
configure:2782: checking build system type
configure:2796: result: i686-pc-linux-gnu
configure:2816: checking host system type
configure:2829: result: i686-pc-linux-gnu
configure:2870: checking how to print strings
configure:2897: result: printf
configure:2930: checking for style of include used by make
configure:2958: result: GNU
configure:3028: checking for gcc
configure:3044: found /usr/bin/gcc
configure:3055: result: gcc
configure:3284: checking for C compiler version
configure:3293: gcc --version >&5
gcc (Ubuntu/Linaro 4.6.3-1ubuntu5) 4.6.3
Copyright (C) 2011 Free Software Foundation, Inc.
This is free software; see the source for copying conditions.  There is NO
warranty; not even for MERCHANTABILITY or FITNESS FOR A PARTICULAR PURPOSE.

configure:3304: $? = 0
configure:3293: gcc -v >&5
Using built-in specs.
COLLECT_GCC=gcc
COLLECT_LTO_WRAPPER=/usr/lib/gcc/i686-linux-gnu/4.6/lto-wrapper
Target: i686-linux-gnu
Configured with: ../src/configure -v --with-pkgversion='Ubuntu/Linaro 4.6.3-1ubuntu5' --with-bugurl=file:///usr/share/doc/gcc-4.6/README.Bugs --enable-languages=c,c++,fortran,objc,obj-c++ --prefix=/usr --program-suffix=-4.6 --enable-shared --enable-linker-build-id --with-system-zlib --libexecdir=/usr/lib --without-included-gettext --enable-threads=posix --with-gxx-include-dir=/usr/include/c++/4.6 --libdir=/usr/lib --enable-nls --with-sysroot=/ --enable-clocale=gnu --enable-libstdcxx-debug --enable-libstdcxx-time=yes --enable-gnu-unique-object --enable-plugin --enable-objc-gc --enable-targets=all --disable-werror --with-arch-32=i686 --with-tune=generic --enable-checking=release --build=i686-linux-gnu --host=i686-linux-gnu --target=i686-linux-gnu
Thread model: posix
gcc version 4.6.3 (Ubuntu/Linaro 4.6.3-1ubuntu5) 
configure:3304: $? = 0
configure:3293: gcc -V >&5
gcc: error: unrecognized option '-V'
gcc: fatal error: no input files
compilation terminated.
configure:3304: $? = 4
configure:3293: gcc -qversion >&5
gcc: error: unrecognized option '-qversion'
gcc: fatal error: no input files
compilation terminated.
configure:3304: $? = 4
configure:3324: checking whether the C compiler works
configure:3346: gcc    conftest.c  >&5
configure:3350: $? = 0
configure:3398: result: yes
configure:3401: checking for C compiler default output file name
configure:3403: result: a.out
configure:3409: checking for suffix of executables
configure:3416: gcc -o conftest    conftest.c  >&5
configure:3420: $? = 0
configure:3442: result: 
configure:3464: checking whether we are cross compiling
configure:3472: gcc -o conftest    conftest.c  >&5
configure:3476: $? = 0
configure:3483: ./conftest
configure:3487: $? = 0
configure:3502: result: no
configure:3507: checking for suffix of object files
configure:3529: gcc -c   conftest.c >&5
configure:3533: $? = 0
configure:3554: result: o
configure:3558: checking whether we are using the GNU C compiler
configure:3577: gcc -c   conftest.c >&5
configure:3577: $? = 0
configure:3586: result: yes
configure:3595: checking whether gcc accepts -g
configure:3615: gcc -c -g  conftest.c >&5
configure:3615: $? = 0
configure:3656: result: yes
configure:3673: checking for gcc option to accept ISO C89
configure:3736: gcc  -c -g -O2  conftest.c >&5
configure:3736: $? = 0
configure:3749: result: none needed
configure:3771: checking dependency style of gcc
configure:3881: result: gcc3
configure:3896: checking for a sed that does not truncate output
configure:3960: result: /bin/sed
configure:3978: checking for grep that handles long lines and -e
configure:4036: result: /bin/grep
configure:4041: checking for egrep
configure:4103: result: /bin/grep -E
configure:4108: checking for fgrep
configure:4170: result: /bin/grep -F
configure:4205: checking for ld used by gcc
configure:4272: result: /usr/bin/ld
configure:4279: checking if the linker (/usr/bin/ld) is GNU ld
configure:4294: result: yes
configure:4306: checking for BSD- or MS-compatible name lister (nm)
configure:4355: result: /usr/bin/nm -B
configure:4485: checking the name lister (/usr/bin/nm -B) interface
configure:4492: gcc -c -g -O2  conftest.c >&5
configure:4495: /usr/bin/nm -B "conftest.o"
configure:4498: output
00000000 B some_variable
configure:4505: result: BSD nm
configure:4508: checking whether ln -s works
configure:4512: result: yes
configure:4520: checking the maximum length of command line arguments
configure:4645: result: 1572864
configure:4662: checking whether the shell understands some XSI constructs
configure:4672: result: yes
configure:4676: checking whether the shell understands "+="
configure:4682: result: yes
configure:4717: checking how to convert i686-pc-linux-gnu file names to i686-pc-linux-gnu format
configure:4757: result: func_convert_file_noop
configure:4764: checking how to convert i686-pc-linux-gnu file names to toolchain format
configure:4784: result: func_convert_file_noop
configure:4791: checking for /usr/bin/ld option to reload object files
configure:4798: result: -r
configure:4872: checking for objdump
configure:4888: found /usr/bin/objdump
configure:4899: result: objdump
configure:4931: checking how to recognize dependent libraries
configure:5133: result: pass_all
configure:5218: checking for dlltool
configure:5248: result: no
configure:5278: checking how to associate runtime and link libraries
configure:5305: result: printf %s\n
configure:5366: checking for ar
configure:5382: found /usr/bin/ar
configure:5393: result: ar
configure:5430: checking for archiver @FILE support
configure:5447: gcc -c -g -O2  conftest.c >&5
configure:5447: $? = 0
configure:5450: ar cru libconftest.a @conftest.lst >&5
configure:5453: $? = 0
configure:5458: ar cru libconftest.a @conftest.lst >&5
ar: conftest.o: No such file or directory
configure:5461: $? = 1
configure:5473: result: @
configure:5531: checking for strip
configure:5547: found /usr/bin/strip
configure:5558: result: strip
configure:5630: checking for ranlib
configure:5646: found /usr/bin/ranlib
configure:5657: result: ranlib
configure:5759: checking command to parse /usr/bin/nm -B output from gcc object
configure:5878: gcc -c -g -O2  conftest.c >&5
configure:5881: $? = 0
configure:5885: /usr/bin/nm -B conftest.o \| sed -n -e 's/^.*[ ]\([ABCDGIRSTW][ABCDGIRSTW]*\)[ ][ ]*\([_A-Za-z][_A-Za-z0-9]*\)$/\1 \2 \2/p' | sed '/ __gnu_lto/d' \> conftest.nm
configure:5888: $? = 0
configure:5954: gcc -o conftest -g -O2   conftest.c conftstm.o >&5
configure:5957: $? = 0
configure:5995: result: ok
configure:6032: checking for sysroot
configure:6062: result: no
configure:6305: checking for mt
configure:6321: found /bin/mt
configure:6332: result: mt
configure:6355: checking if mt is a manifest tool
configure:6361: mt '-?'
configure:6369: result: no
configure:7001: checking how to run the C preprocessor
configure:7032: gcc -E  conftest.c
configure:7032: $? = 0
configure:7046: gcc -E  conftest.c
conftest.c:11:28: fatal error: ac_nonexistent.h: No such file or directory
compilation terminated.
configure:7046: $? = 1
configure: failed program was:
| /* confdefs.h */
| #define PACKAGE_NAME ""
| #define PACKAGE_TARNAME ""
| #define PACKAGE_VERSION ""
| #define PACKAGE_STRING ""
| #define PACKAGE_BUGREPORT ""
| #define PACKAGE_URL ""
| #define PACKAGE "transports"
| #define VERSION "1.0.2"
| /* end confdefs.h.  */
| #include <ac_nonexistent.h>
configure:7071: result: gcc -E
configure:7091: gcc -E  conftest.c
configure:7091: $? = 0
configure:7105: gcc -E  conftest.c
conftest.c:11:28: fatal error: ac_nonexistent.h: No such file or directory
compilation terminated.
configure:7105: $? = 1
configure: failed program was:
| /* confdefs.h */
| #define PACKAGE_NAME ""
| #define PACKAGE_TARNAME ""
| #define PACKAGE_VERSION ""
| #define PACKAGE_STRING ""
| #define PACKAGE_BUGREPORT ""
| #define PACKAGE_URL ""
| #define PACKAGE "transports"
| #define VERSION "1.0.2"
| /* end confdefs.h.  */
| #include <ac_nonexistent.h>
configure:7134: checking for ANSI C header files
configure:7154: gcc -c -g -O2  conftest.c >&5
configure:7154: $? = 0
configure:7227: gcc -o conftest -g -O2   conftest.c  >&5
configure:7227: $? = 0
configure:7227: ./conftest
configure:7227: $? = 0
configure:7238: result: yes
configure:7251: checking for sys/types.h
configure:7251: gcc -c -g -O2  conftest.c >&5
configure:7251: $? = 0
configure:7251: result: yes
configure:7251: checking for sys/stat.h
configure:7251: gcc -c -g -O2  conftest.c >&5
configure:7251: $? = 0
configure:7251: result: yes
configure:7251: checking for stdlib.h
configure:7251: gcc -c -g -O2  conftest.c >&5
configure:7251: $? = 0
configure:7251: result: yes
configure:7251: checking for string.h
configure:7251: gcc -c -g -O2  conftest.c >&5
configure:7251: $? = 0
configure:7251: result: yes
configure:7251: checking for memory.h
configure:7251: gcc -c -g -O2  conftest.c >&5
configure:7251: $? = 0
configure:7251: result: yes
configure:7251: checking for strings.h
configure:7251: gcc -c -g -O2  conftest.c >&5
configure:7251: $? = 0
configure:7251: result: yes
configure:7251: checking for inttypes.h
configure:7251: gcc -c -g -O2  conftest.c >&5
configure:7251: $? = 0
configure:7251: result: yes
configure:7251: checking for stdint.h
configure:7251: gcc -c -g -O2  conftest.c >&5
configure:7251: $? = 0
configure:7251: result: yes
configure:7251: checking for unistd.h
configure:7251: gcc -c -g -O2  conftest.c >&5
configure:7251: $? = 0
configure:7251: result: yes
configure:7265: checking for dlfcn.h
configure:7265: gcc -c -g -O2  conftest.c >&5
configure:7265: $? = 0
configure:7265: result: yes
configure:7452: checking for objdir
configure:7467: result: .libs
configure:7734: checking if gcc supports -fno-rtti -fno-exceptions
configure:7752: gcc -c -g -O2  -fno-rtti -fno-exceptions conftest.c >&5
cc1: warning: command line option '-fno-rtti' is valid for C++/ObjC++ but not for C [enabled by default]
configure:7756: $? = 0
configure:7769: result: no
configure:8079: checking for gcc option to produce PIC
configure:8086: result: -fPIC -DPIC
configure:8094: checking if gcc PIC flag -fPIC -DPIC works
configure:8112: gcc -c -g -O2  -fPIC -DPIC -DPIC conftest.c >&5
configure:8116: $? = 0
configure:8129: result: yes
configure:8158: checking if gcc static flag -static works
configure:8186: result: yes
configure:8201: checking if gcc supports -c -o file.o
configure:8222: gcc -c -g -O2  -o out/conftest2.o conftest.c >&5
configure:8226: $? = 0
configure:8248: result: yes
configure:8256: checking if gcc supports -c -o file.o
configure:8303: result: yes
configure:8336: checking whether the gcc linker (/usr/bin/ld) supports shared libraries
configure:9494: result: yes
configure:9531: checking whether -lc should be explicitly linked in
configure:9539: gcc -c -g -O2  conftest.c >&5
configure:9542: $? = 0
configure:9557: gcc -shared  -fPIC -DPIC conftest.o  -v -Wl,-soname -Wl,conftest -o conftest 2\>\&1 \| /bin/grep  -lc  \>/dev/null 2\>\&1
configure:9560: $? = 0
configure:9574: result: no
configure:9739: checking dynamic linker characteristics
configure:10253: gcc -o conftest -g -O2   -Wl,-rpath -Wl,/foo conftest.c  >&5
configure:10253: $? = 0
configure:10479: result: GNU/Linux ld.so
configure:10586: checking how to hardcode library paths into programs
configure:10611: result: immediate
configure:11151: checking whether stripping libraries is possible
configure:11156: result: yes
configure:11191: checking if libtool supports shared libraries
configure:11193: result: yes
configure:11196: checking whether to build shared libraries
configure:11217: result: yes
configure:11220: checking whether to build static libraries
configure:11224: result: yes
configure:11308: checking for gcc
configure:11335: result: gcc
configure:11564: checking for C compiler version
configure:11573: gcc --version >&5
gcc (Ubuntu/Linaro 4.6.3-1ubuntu5) 4.6.3
Copyright (C) 2011 Free Software Foundation, Inc.
This is free software; see the source for copying conditions.  There is NO
warranty; not even for MERCHANTABILITY or FITNESS FOR A PARTICULAR PURPOSE.

configure:11584: $? = 0
configure:11573: gcc -v >&5
Using built-in specs.
COLLECT_GCC=gcc
COLLECT_LTO_WRAPPER=/usr/lib/gcc/i686-linux-gnu/4.6/lto-wrapper
Target: i686-linux-gnu
Configured with: ../src/configure -v --with-pkgversion='Ubuntu/Linaro 4.6.3-1ubuntu5' --with-bugurl=file:///usr/share/doc/gcc-4.6/README.Bugs --enable-languages=c,c++,fortran,objc,obj-c++ --prefix=/usr --program-suffix=-4.6 --enable-shared --enable-linker-build-id --with-system-zlib --libexecdir=/usr/lib --without-included-gettext --enable-threads=posix --with-gxx-include-dir=/usr/include/c++/4.6 --libdir=/usr/lib --enable-nls --with-sysroot=/ --enable-clocale=gnu --enable-libstdcxx-debug --enable-libstdcxx-time=yes --enable-gnu-unique-object --enable-plugin --enable-objc-gc --enable-targets=all --disable-werror --with-arch-32=i686 --with-tune=generic --enable-checking=release --build=i686-linux-gnu --host=i686-linux-gnu --target=i686-linux-gnu
Thread model: posix
gcc version 4.6.3 (Ubuntu/Linaro 4.6.3-1ubuntu5) 
configure:11584: $? = 0
configure:11573: gcc -V >&5
gcc: error: unrecognized option '-V'
gcc: fatal error: no input files
compilation terminated.
configure:11584: $? = 4
configure:11573: gcc -qversion >&5
gcc: error: unrecognized option '-qversion'
gcc: fatal error: no input files
compilation terminated.
configure:11584: $? = 4
configure:11588: checking whether we are using the GNU C compiler
configure:11616: result: yes
configure:11625: checking whether gcc accepts -g
configure:11686: result: yes
configure:11703: checking for gcc option to accept ISO C89
configure:11779: result: none needed
configure:11801: checking dependency style of gcc
configure:11911: result: gcc3
configure:11984: checking for g++
configure:12000: found /usr/bin/g++
configure:12011: result: g++
configure:12038: checking for C++ compiler version
configure:12047: g++ --version >&5
g++ (Ubuntu/Linaro 4.6.3-1ubuntu5) 4.6.3
Copyright (C) 2011 Free Software Foundation, Inc.
This is free software; see the source for copying conditions.  There is NO
warranty; not even for MERCHANTABILITY or FITNESS FOR A PARTICULAR PURPOSE.

configure:12058: $? = 0
configure:12047: g++ -v >&5
Using built-in specs.
COLLECT_GCC=g++
COLLECT_LTO_WRAPPER=/usr/lib/gcc/i686-linux-gnu/4.6/lto-wrapper
Target: i686-linux-gnu
Configured with: ../src/configure -v --with-pkgversion='Ubuntu/Linaro 4.6.3-1ubuntu5' --with-bugurl=file:///usr/share/doc/gcc-4.6/README.Bugs --enable-languages=c,c++,fortran,objc,obj-c++ --prefix=/usr --program-suffix=-4.6 --enable-shared --enable-linker-build-id --with-system-zlib --libexecdir=/usr/lib --without-included-gettext --enable-threads=posix --with-gxx-include-dir=/usr/include/c++/4.6 --libdir=/usr/lib --enable-nls --with-sysroot=/ --enable-clocale=gnu --enable-libstdcxx-debug --enable-libstdcxx-time=yes --enable-gnu-unique-object --enable-plugin --enable-objc-gc --enable-targets=all --disable-werror --with-arch-32=i686 --with-tune=generic --enable-checking=release --build=i686-linux-gnu --host=i686-linux-gnu --target=i686-linux-gnu
Thread model: posix
gcc version 4.6.3 (Ubuntu/Linaro 4.6.3-1ubuntu5) 
configure:12058: $? = 0
configure:12047: g++ -V >&5
g++: error: unrecognized option '-V'
g++: fatal error: no input files
compilation terminated.
configure:12058: $? = 4
configure:12047: g++ -qversion >&5
g++: error: unrecognized option '-qversion'
g++: fatal error: no input files
compilation terminated.
configure:12058: $? = 4
configure:12062: checking whether we are using the GNU C++ compiler
configure:12081: g++ -c   conftest.cpp >&5
configure:12081: $? = 0
configure:12090: result: yes
configure:12099: checking whether g++ accepts -g
configure:12119: g++ -c -g  conftest.cpp >&5
configure:12119: $? = 0
configure:12160: result: yes
configure:12185: checking dependency style of g++
configure:12295: result: gcc3
configure:12328: checking how to run the C++ preprocessor
configure:12355: g++ -E  conftest.cpp
configure:12355: $? = 0
configure:12369: g++ -E  conftest.cpp
conftest.cpp:23:28: fatal error: ac_nonexistent.h: No such file or directory
compilation terminated.
configure:12369: $? = 1
configure: failed program was:
| /* confdefs.h */
| #define PACKAGE_NAME ""
| #define PACKAGE_TARNAME ""
| #define PACKAGE_VERSION ""
| #define PACKAGE_STRING ""
| #define PACKAGE_BUGREPORT ""
| #define PACKAGE_URL ""
| #define PACKAGE "transports"
| #define VERSION "1.0.2"
| #define STDC_HEADERS 1
| #define HAVE_SYS_TYPES_H 1
| #define HAVE_SYS_STAT_H 1
| #define HAVE_STDLIB_H 1
| #define HAVE_STRING_H 1
| #define HAVE_MEMORY_H 1
| #define HAVE_STRINGS_H 1
| #define HAVE_INTTYPES_H 1
| #define HAVE_STDINT_H 1
| #define HAVE_UNISTD_H 1
| #define HAVE_DLFCN_H 1
| #define LT_OBJDIR ".libs/"
| /* end confdefs.h.  */
| #include <ac_nonexistent.h>
configure:12394: result: g++ -E
configure:12414: g++ -E  conftest.cpp
configure:12414: $? = 0
configure:12428: g++ -E  conftest.cpp
conftest.cpp:23:28: fatal error: ac_nonexistent.h: No such file or directory
compilation terminated.
configure:12428: $? = 1
configure: failed program was:
| /* confdefs.h */
| #define PACKAGE_NAME ""
| #define PACKAGE_TARNAME ""
| #define PACKAGE_VERSION ""
| #define PACKAGE_STRING ""
| #define PACKAGE_BUGREPORT ""
| #define PACKAGE_URL ""
| #define PACKAGE "transports"
| #define VERSION "1.0.2"
| #define STDC_HEADERS 1
| #define HAVE_SYS_TYPES_H 1
| #define HAVE_SYS_STAT_H 1
| #define HAVE_STDLIB_H 1
| #define HAVE_STRING_H 1
| #define HAVE_MEMORY_H 1
| #define HAVE_STRINGS_H 1
| #define HAVE_INTTYPES_H 1
| #define HAVE_STDINT_H 1
| #define HAVE_UNISTD_H 1
| #define HAVE_DLFCN_H 1
| #define LT_OBJDIR ".libs/"
| /* end confdefs.h.  */
| #include <ac_nonexistent.h>
configure:12598: checking for ld used by g++
configure:12665: result: /usr/bin/ld
configure:12672: checking if the linker (/usr/bin/ld) is GNU ld
configure:12687: result: yes
configure:12742: checking whether the g++ linker (/usr/bin/ld) supports shared libraries
configure:13746: result: yes
configure:13781: g++ -c -g -O2  conftest.cpp >&5
configure:13784: $? = 0
configure:14304: checking for g++ option to produce PIC
configure:14311: result: -fPIC -DPIC
configure:14319: checking if g++ PIC flag -fPIC -DPIC works
configure:14337: g++ -c -g -O2  -fPIC -DPIC -DPIC conftest.cpp >&5
configure:14341: $? = 0
configure:14354: result: yes
configure:14377: checking if g++ static flag -static works
configure:14405: result: yes
configure:14417: checking if g++ supports -c -o file.o
configure:14438: g++ -c -g -O2  -o out/conftest2.o conftest.cpp >&5
configure:14442: $? = 0
configure:14464: result: yes
configure:14469: checking if g++ supports -c -o file.o
configure:14516: result: yes
configure:14546: checking whether the g++ linker (/usr/bin/ld) supports shared libraries
configure:14580: result: yes
configure:14723: checking dynamic linker characteristics
configure:15397: result: GNU/Linux ld.so
configure:15450: checking how to hardcode library paths into programs
configure:15475: result: immediate
configure:15524: checking dependency style of gcc
configure:15632: result: gcc3
configure:15654: checking for main in -lcrypto
configure:15673: g++ -o conftest -g -O2   conftest.cpp -lcrypto   >&5
configure:15673: $? = 0
configure:15682: result: yes
configure:15695: checking for main in -lpeerreview
configure:15714: g++ -o conftest -g -O2   conftest.cpp -lpeerreview -lcrypto -lcrypto  >&5
configure:15714: $? = 0
configure:15723: result: yes
configure:15736: checking for main in -lesign
configure:15755: g++ -o conftest -g -O2   conftest.cpp -lesign -lgmp -lpeerreview -lcrypto  >&5
/usr/bin/ld: cannot find -lesign
collect2: ld returned 1 exit status
configure:15755: $? = 1
configure: failed program was:
| /* confdefs.h */
| #define PACKAGE_NAME ""
| #define PACKAGE_TARNAME ""
| #define PACKAGE_VERSION ""
| #define PACKAGE_STRING ""
| #define PACKAGE_BUGREPORT ""
| #define PACKAGE_URL ""
| #define PACKAGE "transports"
| #define VERSION "1.0.2"
| #define STDC_HEADERS 1
| #define HAVE_SYS_TYPES_H 1
| #define HAVE_SYS_STAT_H 1
| #define HAVE_STDLIB_H 1
| #define HAVE_STRING_H 1
| #define HAVE_MEMORY_H 1
| #define HAVE_STRINGS_H 1
| #define HAVE_INTTYPES_H 1
| #define HAVE_STDINT_H 1
| #define HAVE_UNISTD_H 1
| #define HAVE_DLFCN_H 1
| #define LT_OBJDIR ".libs/"
| #define HAVE_LIBCRYPTO 1
| #define HAVE_LIBPEERREVIEW 1
| /* end confdefs.h.  */
| 
| 
| int
| main ()
| {
| return main ();
|   ;
|   return 0;
| }
configure:15764: result: no
configure:15973: creating ./config.status

## ---------------------- ##
## Running config.status. ##
## ---------------------- ##

This file was extended by config.status, which was
generated by GNU Autoconf 2.69.  Invocation command line was

  CONFIG_FILES    = 
  CONFIG_HEADERS  = 
  CONFIG_LINKS    = 
  CONFIG_COMMANDS = 
  $ ./config.status 

on californium

config.status:1072: creating Makefile
config.status:1072: creating src/Makefile
config.status:1072: creating include/Makefile
config.status:1244: executing depfiles commands
config.status:1244: executing libtool commands

## ---------------- ##
## Cache variables. ##
## ---------------- ##

ac_cv_build=i686-pc-linux-gnu
ac_cv_c_compiler_gnu=yes
ac_cv_cxx_compiler_gnu=yes
ac_cv_env_CCASFLAGS_set=
ac_cv_env_CCASFLAGS_value=
ac_cv_env_CCAS_set=
ac_cv_env_CCAS_value=
ac_cv_env_CCC_set=
ac_cv_env_CCC_value=
ac_cv_env_CC_set=
ac_cv_env_CC_value=
ac_cv_env_CFLAGS_set=
ac_cv_env_CFLAGS_value=
ac_cv_env_CPPFLAGS_set=
ac_cv_env_CPPFLAGS_value=
ac_cv_env_CPP_set=
ac_cv_env_CPP_value=
ac_cv_env_CXXCPP_set=
ac_cv_env_CXXCPP_value=
ac_cv_env_CXXFLAGS_set=
ac_cv_env_CXXFLAGS_value=
ac_cv_env_CXX_set=
ac_cv_env_CXX_value=
ac_cv_env_LDFLAGS_set=
ac_cv_env_LDFLAGS_value=
ac_cv_env_LIBS_set=
ac_cv_env_LIBS_value=
ac_cv_env_build_alias_set=
ac_cv_env_build_alias_value=
ac_cv_env_host_alias_set=
ac_cv_env_host_alias_value=
ac_cv_env_target_alias_set=
ac_cv_env_target_alias_value=
ac_cv_header_dlfcn_h=yes
ac_cv_header_inttypes_h=yes
ac_cv_header_memory_h=yes
ac_cv_header_stdc=yes
ac_cv_header_stdint_h=yes
ac_cv_header_stdlib_h=yes
ac_cv_header_string_h=yes
ac_cv_header_strings_h=yes
ac_cv_header_sys_stat_h=yes
ac_cv_header_sys_types_h=yes
ac_cv_header_unistd_h=yes
ac_cv_host=i686-pc-linux-gnu
ac_cv_lib_crypto_main=yes
ac_cv_lib_esign_main=no
ac_cv_lib_peerreview_main=yes
ac_cv_objext=o
ac_cv_path_EGREP='/bin/grep -E'
ac_cv_path_FGREP='/bin/grep -F'
ac_cv_path_GREP=/bin/grep
ac_cv_path_SED=/bin/sed
ac_cv_path_install='/usr/bin/install -c'
ac_cv_path_mkdir=/bin/mkdir
ac_cv_prog_AWK=mawk
ac_cv_prog_CPP='gcc -E'
ac_cv_prog_CXXCPP='g++ -E'
ac_cv_prog_ac_ct_AR=ar
ac_cv_prog_ac_ct_CC=gcc
ac_cv_prog_ac_ct_CXX=g++
ac_cv_prog_ac_ct_MANIFEST_TOOL=mt
ac_cv_prog_ac_ct_OBJDUMP=objdump
ac_cv_prog_ac_ct_RANLIB=ranlib
ac_cv_prog_ac_ct_STRIP=strip
ac_cv_prog_cc_c89=
ac_cv_prog_cc_g=yes
ac_cv_prog_cxx_g=yes
ac_cv_prog_make_make_set=yes
am_cv_CCAS_dependencies_compiler_type=gcc3
am_cv_CC_dependencies_compiler_type=gcc3
am_cv_CXX_dependencies_compiler_type=gcc3
lt_cv_ar_at_file=@
lt_cv_archive_cmds_need_lc=no
lt_cv_deplibs_check_method=pass_all
lt_cv_file_magic_cmd='$MAGIC_CMD'
lt_cv_file_magic_test_file=
lt_cv_ld_reload_flag=-r
lt_cv_nm_interface='BSD nm'
lt_cv_objdir=.libs
lt_cv_path_LD=/usr/bin/ld
lt_cv_path_LDCXX=/usr/bin/ld
lt_cv_path_NM='/usr/bin/nm -B'
lt_cv_path_mainfest_tool=no
lt_cv_prog_compiler_c_o=yes
lt_cv_prog_compiler_c_o_CXX=yes
lt_cv_prog_compiler_pic='-fPIC -DPIC'
lt_cv_prog_compiler_pic_CXX='-fPIC -DPIC'
lt_cv_prog_compiler_pic_works=yes
lt_cv_prog_compiler_pic_works_CXX=yes
lt_cv_prog_compiler_rtti_exceptions=no
lt_cv_prog_compiler_static_works=yes
lt_cv_prog_compiler_static_works_CXX=yes
lt_cv_prog_gnu_ld=yes
lt_cv_prog_gnu_ldcxx=yes
lt_cv_sharedlib_from_linklib_cmd='printf %s\n'
lt_cv_shlibpath_overrides_runpath=no
lt_cv_sys_global_symbol_pipe='sed -n -e '\''s/^.*[	 ]\([ABCDGIRSTW][ABCDGIRSTW]*\)[	 ][	 ]*\([_A-Za-z][_A-Za-z0-9]*\)$/\1 \2 \2/p'\'' | sed '\''/ __gnu_lto/d'\'''
lt_cv_sys_global_symbol_to_c_name_address='sed -n -e '\''s/^: \([^ ]*\)[ ]*$/  {\"\1\", (void *) 0},/p'\'' -e '\''s/^[ABCDGIRSTW]* \([^ ]*\) \([^ ]*\)$/  {"\2", (void *) \&\2},/p'\'''
lt_cv_sys_global_symbol_to_c_name_address_lib_prefix='sed -n -e '\''s/^: \([^ ]*\)[ ]*$/  {\"\1\", (void *) 0},/p'\'' -e '\''s/^[ABCDGIRSTW]* \([^ ]*\) \(lib[^ ]*\)$/  {"\2", (void *) \&\2},/p'\'' -e '\''s/^[ABCDGIRSTW]* \([^ ]*\) \([^ ]*\)$/  {"lib\2", (void *) \&\2},/p'\'''
lt_cv_sys_global_symbol_to_cdecl='sed -n -e '\''s/^T .* \(.*\)$/extern int \1();/p'\'' -e '\''s/^[ABCDGIRSTW]* .* \(.*\)$/extern char \1;/p'\'''
lt_cv_sys_max_cmd_len=1572864
lt_cv_to_host_file_cmd=func_convert_file_noop
lt_cv_to_tool_file_cmd=func_convert_file_noop

## ----------------- ##
## Output variables. ##
## ----------------- ##

ACLOCAL='${SHELL} /home/jeremie/PAG/ORPR/transports-1.0.2-OR/missing --run aclocal-1.11'
AMDEPBACKSLASH='\'
AMDEP_FALSE='#'
AMDEP_TRUE=''
AMTAR='${SHELL} /home/jeremie/PAG/ORPR/transports-1.0.2-OR/missing --run tar'
AR='ar'
AUTOCONF='${SHELL} /home/jeremie/PAG/ORPR/transports-1.0.2-OR/missing --run autoconf'
AUTOHEADER='${SHELL} /home/jeremie/PAG/ORPR/transports-1.0.2-OR/missing --run autoheader'
AUTOMAKE='${SHELL} /home/jeremie/PAG/ORPR/transports-1.0.2-OR/missing --run automake-1.11'
AWK='mawk'
CC='gcc'
CCAS='gcc'
CCASDEPMODE='depmode=gcc3'
CCASFLAGS='-g -O2'
CCDEPMODE='depmode=gcc3'
CFLAGS='-g -O2'
CPP='gcc -E'
CPPFLAGS=' -I$(top_srcdir)/include/'
CXX='g++'
CXXCPP='g++ -E'
CXXDEPMODE='depmode=gcc3'
CXXFLAGS='-g -O2'
CYGPATH_W='echo'
DEFS='-DPACKAGE_NAME=\"\" -DPACKAGE_TARNAME=\"\" -DPACKAGE_VERSION=\"\" -DPACKAGE_STRING=\"\" -DPACKAGE_BUGREPORT=\"\" -DPACKAGE_URL=\"\" -DPACKAGE=\"transports\" -DVERSION=\"1.0.2\" -DSTDC_HEADERS=1 -DHAVE_SYS_TYPES_H=1 -DHAVE_SYS_STAT_H=1 -DHAVE_STDLIB_H=1 -DHAVE_STRING_H=1 -DHAVE_MEMORY_H=1 -DHAVE_STRINGS_H=1 -DHAVE_INTTYPES_H=1 -DHAVE_STDINT_H=1 -DHAVE_UNISTD_H=1 -DHAVE_DLFCN_H=1 -DLT_OBJDIR=\".libs/\" -DHAVE_LIBCRYPTO=1 -DHAVE_LIBPEERREVIEW=1'
DEPDIR='.deps'
DLLTOOL='false'
DSYMUTIL=''
DUMPBIN=''
ECHO_C=''
ECHO_N='-n'
ECHO_T=''
EGREP='/bin/grep -E'
EXEEXT=''
FGREP='/bin/grep -F'
GREP='/bin/grep'
INSTALL_DATA='${INSTALL} -m 644'
INSTALL_PROGRAM='${INSTALL}'
INSTALL_SCRIPT='${INSTALL}'
INSTALL_STRIP_PROGRAM='$(install_sh) -c -s'
LD='/usr/bin/ld'
LDFLAGS=''
LIBOBJS=''
LIBS='-lpeerreview -lcrypto '
LIBTOOL='$(SHELL) $(top_builddir)/libtool'
LIPO=''
LN_S='ln -s'
LTLIBOBJS=''
MAINTAINERCLEANFILES=' Makefile.in'
MAKEINFO='${SHELL} /home/jeremie/PAG/ORPR/transports-1.0.2-OR/missing --run makeinfo'
MAKE_LIBESIGNXP_FALSE=''
MAKE_LIBESIGNXP_TRUE='#'
MANIFEST_TOOL=':'
MKDIR_P='/bin/mkdir -p'
NM='/usr/bin/nm -B'
NMEDIT=''
OBJDUMP='objdump'
OBJEXT='o'
OTOOL64=''
OTOOL=''
PACKAGE='transports'
PACKAGE_BUGREPORT=''
PACKAGE_NAME=''
PACKAGE_STRING=''
PACKAGE_TARNAME=''
PACKAGE_URL=''
PACKAGE_VERSION=''
PATH_SEPARATOR=':'
RANLIB='ranlib'
SED='/bin/sed'
SET_MAKE=''
SHELL='/bin/bash'
STRIP='strip'
VERSION='1.0.2'
ac_ct_AR='ar'
ac_ct_CC='gcc'
ac_ct_CXX='g++'
ac_ct_DUMPBIN=''
am__EXEEXT_FALSE=''
am__EXEEXT_TRUE='#'
am__fastdepCCAS_FALSE='#'
am__fastdepCCAS_TRUE=''
am__fastdepCC_FALSE='#'
am__fastdepCC_TRUE=''
am__fastdepCXX_FALSE='#'
am__fastdepCXX_TRUE=''
am__include='include'
am__isrc=''
am__leading_dot='.'
am__quote=''
am__tar='${AMTAR} chof - "$$tardir"'
am__untar='${AMTAR} xf -'
bindir='${exec_prefix}/bin'
build='i686-pc-linux-gnu'
build_alias=''
build_cpu='i686'
build_os='linux-gnu'
build_vendor='pc'
datadir='${datarootdir}'
datarootdir='${prefix}/share'
docdir='${datarootdir}/doc/${PACKAGE}'
dvidir='${docdir}'
exec_prefix='${prefix}'
host='i686-pc-linux-gnu'
host_alias=''
host_cpu='i686'
host_os='linux-gnu'
host_vendor='pc'
htmldir='${docdir}'
includedir='${prefix}/include'
infodir='${datarootdir}/info'
install_sh='${SHELL} /home/jeremie/PAG/ORPR/transports-1.0.2-OR/install-sh'
libdir='${exec_prefix}/lib'
libexecdir='${exec_prefix}/libexec'
localedir='${datarootdir}/locale'
localstatedir='${prefix}/var'
mandir='${datarootdir}/man'
mkdir_p='/bin/mkdir -p'
oldincludedir='/usr/include'
pdfdir='${docdir}'
prefix='/usr/local'
program_transform_name='s,x,x,'
psdir='${docdir}'
sbindir='${exec_prefix}/sbin'
sharedstatedir='${prefix}/com'
sysconfdir='${prefix}/etc'
target_alias=''

## ----------- ##
## confdefs.h. ##
## ----------- ##

/* confdefs.h */
#define PACKAGE_NAME ""
#define PACKAGE_TARNAME ""
#define PACKAGE_VERSION ""
#define PACKAGE_STRING ""
#define PACKAGE_BUGREPORT ""
#define PACKAGE_URL ""
#define PACKAGE "transports"
#define VERSION "1.0.2"
#define STDC_HEADERS 1
#define HAVE_SYS_TYPES_H 1
#define HAVE_SYS_STAT_H 1
#define HAVE_STDLIB_H 1
#define HAVE_STRING_H 1
#define HAVE_MEMORY_H 1
#define HAVE_STRINGS_H 1
#define HAVE_INTTYPES_H 1
#define HAVE_STDINT_H 1
#define HAVE_UNISTD_H 1
#define HAVE_DLFCN_H 1
#define LT_OBJDIR ".libs/"
#define HAVE_LIBCRYPTO 1
#define HAVE_LIBPEERREVIEW 1

configure: exit 0
