This file contains any messages produced by compilers while
running configure, to aid debugging if configure makes a mistake.

It was created by configure, which was
generated by GNU Autoconf 2.68.  Invocation command line was

  $ ./configure --no-create --no-recursion

## --------- ##
## Platform. ##
## --------- ##

hostname = californium
uname -m = i686
uname -r = 3.2.0-58-generic-pae
uname -s = Linux
uname -v = #88-Ubuntu SMP Tue Dec 3 18:00:02 UTC 2013

/usr/bin/uname -p = unknown
/bin/uname -X     = unknown

/bin/arch              = unknown
/usr/bin/arch -k       = unknown
/usr/convex/getsysinfo = unknown
/usr/bin/hostinfo      = unknown
/bin/machine           = unknown
/usr/bin/oslevel       = unknown
/bin/universe          = unknown

PATH: /usr/local/texlive/2013/bin/i386-linux
PATH: /usr/lib/lightdm/lightdm
PATH: /usr/local/sbin
PATH: /usr/local/bin
PATH: /usr/sbin
PATH: /usr/bin
PATH: /sbin
PATH: /bin
PATH: /usr/games
PATH: /home/jeremie/sim/omnetpp-4.2.1/bin


## ----------- ##
## Core tests. ##
## ----------- ##

configure:2276: checking for a BSD-compatible install
configure:2344: result: /usr/bin/install -c
configure:2355: checking whether build environment is sane
configure:2405: result: yes
configure:2546: checking for a thread-safe mkdir -p
configure:2585: result: /bin/mkdir -p
configure:2598: checking for gawk
configure:2628: result: no
configure:2598: checking for mawk
configure:2614: found /usr/bin/mawk
configure:2625: result: mawk
configure:2636: checking whether make sets $(MAKE)
configure:2658: result: yes
configure:2789: checking for gcc
configure:2805: found /usr/bin/gcc
configure:2816: result: gcc
configure:3045: checking for C compiler version
configure:3054: gcc --version >&5
gcc (Ubuntu/Linaro 4.6.3-1ubuntu5) 4.6.3
Copyright (C) 2011 Free Software Foundation, Inc.
This is free software; see the source for copying conditions.  There is NO
warranty; not even for MERCHANTABILITY or FITNESS FOR A PARTICULAR PURPOSE.

configure:3065: $? = 0
configure:3054: gcc -v >&5
Using built-in specs.
COLLECT_GCC=gcc
COLLECT_LTO_WRAPPER=/usr/lib/gcc/i686-linux-gnu/4.6/lto-wrapper
Target: i686-linux-gnu
Configured with: ../src/configure -v --with-pkgversion='Ubuntu/Linaro 4.6.3-1ubuntu5' --with-bugurl=file:///usr/share/doc/gcc-4.6/README.Bugs --enable-languages=c,c++,fortran,objc,obj-c++ --prefix=/usr --program-suffix=-4.6 --enable-shared --enable-linker-build-id --with-system-zlib --libexecdir=/usr/lib --without-included-gettext --enable-threads=posix --with-gxx-include-dir=/usr/include/c++/4.6 --libdir=/usr/lib --enable-nls --with-sysroot=/ --enable-clocale=gnu --enable-libstdcxx-debug --enable-libstdcxx-time=yes --enable-gnu-unique-object --enable-plugin --enable-objc-gc --enable-targets=all --disable-werror --with-arch-32=i686 --with-tune=generic --enable-checking=release --build=i686-linux-gnu --host=i686-linux-gnu --target=i686-linux-gnu
Thread model: posix
gcc version 4.6.3 (Ubuntu/Linaro 4.6.3-1ubuntu5) 
configure:3065: $? = 0
configure:3054: gcc -V >&5
gcc: error: unrecognized option '-V'
gcc: fatal error: no input files
compilation terminated.
configure:3065: $? = 4
configure:3054: gcc -qversion >&5
gcc: error: unrecognized option '-qversion'
gcc: fatal error: no input files
compilation terminated.
configure:3065: $? = 4
configure:3085: checking whether the C compiler works
configure:3107: gcc    conftest.c  >&5
configure:3111: $? = 0
configure:3159: result: yes
configure:3162: checking for C compiler default output file name
configure:3164: result: a.out
configure:3170: checking for suffix of executables
configure:3177: gcc -o conftest    conftest.c  >&5
configure:3181: $? = 0
configure:3203: result: 
configure:3225: checking whether we are cross compiling
configure:3233: gcc -o conftest    conftest.c  >&5
configure:3237: $? = 0
configure:3244: ./conftest
configure:3248: $? = 0
configure:3263: result: no
configure:3268: checking for suffix of object files
configure:3290: gcc -c   conftest.c >&5
configure:3294: $? = 0
configure:3315: result: o
configure:3319: checking whether we are using the GNU C compiler
configure:3338: gcc -c   conftest.c >&5
configure:3338: $? = 0
configure:3347: result: yes
configure:3356: checking whether gcc accepts -g
configure:3376: gcc -c -g  conftest.c >&5
configure:3376: $? = 0
configure:3417: result: yes
configure:3434: checking for gcc option to accept ISO C89
configure:3498: gcc  -c -g -O2  conftest.c >&5
configure:3498: $? = 0
configure:3511: result: none needed
configure:3542: checking for style of include used by make
configure:3570: result: GNU
configure:3595: checking dependency style of gcc
configure:3705: result: gcc3
configure:3778: checking for g++
configure:3794: found /usr/bin/g++
configure:3805: result: g++
configure:3832: checking for C++ compiler version
configure:3841: g++ --version >&5
g++ (Ubuntu/Linaro 4.6.3-1ubuntu5) 4.6.3
Copyright (C) 2011 Free Software Foundation, Inc.
This is free software; see the source for copying conditions.  There is NO
warranty; not even for MERCHANTABILITY or FITNESS FOR A PARTICULAR PURPOSE.

configure:3852: $? = 0
configure:3841: g++ -v >&5
Using built-in specs.
COLLECT_GCC=g++
COLLECT_LTO_WRAPPER=/usr/lib/gcc/i686-linux-gnu/4.6/lto-wrapper
Target: i686-linux-gnu
Configured with: ../src/configure -v --with-pkgversion='Ubuntu/Linaro 4.6.3-1ubuntu5' --with-bugurl=file:///usr/share/doc/gcc-4.6/README.Bugs --enable-languages=c,c++,fortran,objc,obj-c++ --prefix=/usr --program-suffix=-4.6 --enable-shared --enable-linker-build-id --with-system-zlib --libexecdir=/usr/lib --without-included-gettext --enable-threads=posix --with-gxx-include-dir=/usr/include/c++/4.6 --libdir=/usr/lib --enable-nls --with-sysroot=/ --enable-clocale=gnu --enable-libstdcxx-debug --enable-libstdcxx-time=yes --enable-gnu-unique-object --enable-plugin --enable-objc-gc --enable-targets=all --disable-werror --with-arch-32=i686 --with-tune=generic --enable-checking=release --build=i686-linux-gnu --host=i686-linux-gnu --target=i686-linux-gnu
Thread model: posix
gcc version 4.6.3 (Ubuntu/Linaro 4.6.3-1ubuntu5) 
configure:3852: $? = 0
configure:3841: g++ -V >&5
g++: error: unrecognized option '-V'
g++: fatal error: no input files
compilation terminated.
configure:3852: $? = 4
configure:3841: g++ -qversion >&5
g++: error: unrecognized option '-qversion'
g++: fatal error: no input files
compilation terminated.
configure:3852: $? = 4
configure:3856: checking whether we are using the GNU C++ compiler
configure:3875: g++ -c   conftest.cpp >&5
configure:3875: $? = 0
configure:3884: result: yes
configure:3893: checking whether g++ accepts -g
configure:3913: g++ -c -g  conftest.cpp >&5
configure:3913: $? = 0
configure:3954: result: yes
configure:3979: checking dependency style of g++
configure:4089: result: gcc3
configure:4113: checking dependency style of gcc
configure:4221: result: gcc3
configure:4279: checking for ranlib
configure:4295: found /usr/bin/ranlib
configure:4306: result: ranlib
configure:4357: checking build system type
configure:4371: result: i686-pc-linux-gnu
configure:4391: checking host system type
configure:4404: result: i686-pc-linux-gnu
configure:4445: checking how to print strings
configure:4472: result: printf
configure:4493: checking for a sed that does not truncate output
configure:4557: result: /bin/sed
configure:4575: checking for grep that handles long lines and -e
configure:4633: result: /bin/grep
configure:4638: checking for egrep
configure:4700: result: /bin/grep -E
configure:4705: checking for fgrep
configure:4767: result: /bin/grep -F
configure:4802: checking for ld used by gcc
configure:4869: result: /usr/bin/ld
configure:4876: checking if the linker (/usr/bin/ld) is GNU ld
configure:4891: result: yes
configure:4903: checking for BSD- or MS-compatible name lister (nm)
configure:4952: result: /usr/bin/nm -B
configure:5082: checking the name lister (/usr/bin/nm -B) interface
configure:5089: gcc -c -g -O2  conftest.c >&5
configure:5092: /usr/bin/nm -B "conftest.o"
configure:5095: output
00000000 B some_variable
configure:5102: result: BSD nm
configure:5105: checking whether ln -s works
configure:5109: result: yes
configure:5117: checking the maximum length of command line arguments
configure:5242: result: 805306365
configure:5259: checking whether the shell understands some XSI constructs
configure:5269: result: yes
configure:5273: checking whether the shell understands "+="
configure:5279: result: yes
configure:5314: checking how to convert i686-pc-linux-gnu file names to i686-pc-linux-gnu format
configure:5354: result: func_convert_file_noop
configure:5361: checking how to convert i686-pc-linux-gnu file names to toolchain format
configure:5381: result: func_convert_file_noop
configure:5388: checking for /usr/bin/ld option to reload object files
configure:5395: result: -r
configure:5469: checking for objdump
configure:5485: found /usr/bin/objdump
configure:5496: result: objdump
configure:5528: checking how to recognize dependent libraries
configure:5730: result: pass_all
configure:5815: checking for dlltool
configure:5845: result: no
configure:5875: checking how to associate runtime and link libraries
configure:5902: result: printf %s\n
configure:5963: checking for ar
configure:5979: found /usr/bin/ar
configure:5990: result: ar
configure:6027: checking for archiver @FILE support
configure:6044: gcc -c -g -O2  conftest.c >&5
configure:6044: $? = 0
configure:6047: ar cru libconftest.a @conftest.lst >&5
configure:6050: $? = 0
configure:6055: ar cru libconftest.a @conftest.lst >&5
ar: conftest.o: No such file or directory
configure:6058: $? = 1
configure:6070: result: @
configure:6128: checking for strip
configure:6144: found /usr/bin/strip
configure:6155: result: strip
configure:6227: checking for ranlib
configure:6254: result: ranlib
configure:6356: checking command to parse /usr/bin/nm -B output from gcc object
configure:6475: gcc -c -g -O2  conftest.c >&5
configure:6478: $? = 0
configure:6482: /usr/bin/nm -B conftest.o \| sed -n -e 's/^.*[ ]\([ABCDGIRSTW][ABCDGIRSTW]*\)[ ][ ]*\([_A-Za-z][_A-Za-z0-9]*\)$/\1 \2 \2/p' | sed '/ __gnu_lto/d' \> conftest.nm
configure:6485: $? = 0
configure:6551: gcc -o conftest -g -O2   conftest.c conftstm.o >&5
configure:6554: $? = 0
configure:6592: result: ok
configure:6629: checking for sysroot
configure:6659: result: no
configure:6902: checking for mt
configure:6918: found /bin/mt
configure:6929: result: mt
configure:6952: checking if mt is a manifest tool
configure:6958: mt '-?'
configure:6966: result: no
configure:7598: checking how to run the C preprocessor
configure:7629: gcc -E  conftest.c
configure:7629: $? = 0
configure:7643: gcc -E  conftest.c
conftest.c:11:28: fatal error: ac_nonexistent.h: No such file or directory
compilation terminated.
configure:7643: $? = 1
configure: failed program was:
| /* confdefs.h */
| #define PACKAGE_NAME ""
| #define PACKAGE_TARNAME ""
| #define PACKAGE_VERSION ""
| #define PACKAGE_STRING ""
| #define PACKAGE_BUGREPORT ""
| #define PACKAGE_URL ""
| #define PACKAGE "libpeerreview"
| #define VERSION "1.0.9"
| /* end confdefs.h.  */
| #include <ac_nonexistent.h>
configure:7668: result: gcc -E
configure:7688: gcc -E  conftest.c
configure:7688: $? = 0
configure:7702: gcc -E  conftest.c
conftest.c:11:28: fatal error: ac_nonexistent.h: No such file or directory
compilation terminated.
configure:7702: $? = 1
configure: failed program was:
| /* confdefs.h */
| #define PACKAGE_NAME ""
| #define PACKAGE_TARNAME ""
| #define PACKAGE_VERSION ""
| #define PACKAGE_STRING ""
| #define PACKAGE_BUGREPORT ""
| #define PACKAGE_URL ""
| #define PACKAGE "libpeerreview"
| #define VERSION "1.0.9"
| /* end confdefs.h.  */
| #include <ac_nonexistent.h>
configure:7731: checking for ANSI C header files
configure:7751: gcc -c -g -O2  conftest.c >&5
configure:7751: $? = 0
configure:7824: gcc -o conftest -g -O2   conftest.c  >&5
configure:7824: $? = 0
configure:7824: ./conftest
configure:7824: $? = 0
configure:7835: result: yes
configure:7848: checking for sys/types.h
configure:7848: gcc -c -g -O2  conftest.c >&5
configure:7848: $? = 0
configure:7848: result: yes
configure:7848: checking for sys/stat.h
configure:7848: gcc -c -g -O2  conftest.c >&5
configure:7848: $? = 0
configure:7848: result: yes
configure:7848: checking for stdlib.h
configure:7848: gcc -c -g -O2  conftest.c >&5
configure:7848: $? = 0
configure:7848: result: yes
configure:7848: checking for string.h
configure:7848: gcc -c -g -O2  conftest.c >&5
configure:7848: $? = 0
configure:7848: result: yes
configure:7848: checking for memory.h
configure:7848: gcc -c -g -O2  conftest.c >&5
configure:7848: $? = 0
configure:7848: result: yes
configure:7848: checking for strings.h
configure:7848: gcc -c -g -O2  conftest.c >&5
configure:7848: $? = 0
configure:7848: result: yes
configure:7848: checking for inttypes.h
configure:7848: gcc -c -g -O2  conftest.c >&5
configure:7848: $? = 0
configure:7848: result: yes
configure:7848: checking for stdint.h
configure:7848: gcc -c -g -O2  conftest.c >&5
configure:7848: $? = 0
configure:7848: result: yes
configure:7848: checking for unistd.h
configure:7848: gcc -c -g -O2  conftest.c >&5
configure:7848: $? = 0
configure:7848: result: yes
configure:7862: checking for dlfcn.h
configure:7862: gcc -c -g -O2  conftest.c >&5
configure:7862: $? = 0
configure:7862: result: yes
configure:8060: checking for objdir
configure:8075: result: .libs
configure:8342: checking if gcc supports -fno-rtti -fno-exceptions
configure:8360: gcc -c -g -O2  -fno-rtti -fno-exceptions conftest.c >&5
cc1: warning: command line option '-fno-rtti' is valid for C++/ObjC++ but not for C [enabled by default]
configure:8364: $? = 0
configure:8377: result: no
configure:8687: checking for gcc option to produce PIC
configure:8694: result: -fPIC -DPIC
configure:8702: checking if gcc PIC flag -fPIC -DPIC works
configure:8720: gcc -c -g -O2  -fPIC -DPIC -DPIC conftest.c >&5
configure:8724: $? = 0
configure:8737: result: yes
configure:8766: checking if gcc static flag -static works
configure:8794: result: yes
configure:8809: checking if gcc supports -c -o file.o
configure:8830: gcc -c -g -O2  -o out/conftest2.o conftest.c >&5
configure:8834: $? = 0
configure:8856: result: yes
configure:8864: checking if gcc supports -c -o file.o
configure:8911: result: yes
configure:8944: checking whether the gcc linker (/usr/bin/ld) supports shared libraries
configure:10102: result: yes
configure:10139: checking whether -lc should be explicitly linked in
configure:10147: gcc -c -g -O2  conftest.c >&5
configure:10150: $? = 0
configure:10165: gcc -shared  -fPIC -DPIC conftest.o  -v -Wl,-soname -Wl,conftest -o conftest 2\>\&1 \| /bin/grep  -lc  \>/dev/null 2\>\&1
configure:10168: $? = 0
configure:10182: result: no
configure:10347: checking dynamic linker characteristics
configure:10861: gcc -o conftest -g -O2   -Wl,-rpath -Wl,/foo conftest.c  >&5
configure:10861: $? = 0
configure:11087: result: GNU/Linux ld.so
configure:11194: checking how to hardcode library paths into programs
configure:11219: result: immediate
configure:11759: checking whether stripping libraries is possible
configure:11764: result: yes
configure:11799: checking if libtool supports shared libraries
configure:11801: result: yes
configure:11804: checking whether to build shared libraries
configure:11825: result: yes
configure:11828: checking whether to build static libraries
configure:11832: result: yes
configure:11855: checking how to run the C++ preprocessor
configure:11882: g++ -E  conftest.cpp
configure:11882: $? = 0
configure:11896: g++ -E  conftest.cpp
conftest.cpp:23:28: fatal error: ac_nonexistent.h: No such file or directory
compilation terminated.
configure:11896: $? = 1
configure: failed program was:
| /* confdefs.h */
| #define PACKAGE_NAME ""
| #define PACKAGE_TARNAME ""
| #define PACKAGE_VERSION ""
| #define PACKAGE_STRING ""
| #define PACKAGE_BUGREPORT ""
| #define PACKAGE_URL ""
| #define PACKAGE "libpeerreview"
| #define VERSION "1.0.9"
| #define STDC_HEADERS 1
| #define HAVE_SYS_TYPES_H 1
| #define HAVE_SYS_STAT_H 1
| #define HAVE_STDLIB_H 1
| #define HAVE_STRING_H 1
| #define HAVE_MEMORY_H 1
| #define HAVE_STRINGS_H 1
| #define HAVE_INTTYPES_H 1
| #define HAVE_STDINT_H 1
| #define HAVE_UNISTD_H 1
| #define HAVE_DLFCN_H 1
| #define LT_OBJDIR ".libs/"
| /* end confdefs.h.  */
| #include <ac_nonexistent.h>
configure:11921: result: g++ -E
configure:11941: g++ -E  conftest.cpp
configure:11941: $? = 0
configure:11955: g++ -E  conftest.cpp
conftest.cpp:23:28: fatal error: ac_nonexistent.h: No such file or directory
compilation terminated.
configure:11955: $? = 1
configure: failed program was:
| /* confdefs.h */
| #define PACKAGE_NAME ""
| #define PACKAGE_TARNAME ""
| #define PACKAGE_VERSION ""
| #define PACKAGE_STRING ""
| #define PACKAGE_BUGREPORT ""
| #define PACKAGE_URL ""
| #define PACKAGE "libpeerreview"
| #define VERSION "1.0.9"
| #define STDC_HEADERS 1
| #define HAVE_SYS_TYPES_H 1
| #define HAVE_SYS_STAT_H 1
| #define HAVE_STDLIB_H 1
| #define HAVE_STRING_H 1
| #define HAVE_MEMORY_H 1
| #define HAVE_STRINGS_H 1
| #define HAVE_INTTYPES_H 1
| #define HAVE_STDINT_H 1
| #define HAVE_UNISTD_H 1
| #define HAVE_DLFCN_H 1
| #define LT_OBJDIR ".libs/"
| /* end confdefs.h.  */
| #include <ac_nonexistent.h>
configure:12125: checking for ld used by g++
configure:12192: result: /usr/bin/ld
configure:12199: checking if the linker (/usr/bin/ld) is GNU ld
configure:12214: result: yes
configure:12269: checking whether the g++ linker (/usr/bin/ld) supports shared libraries
configure:13273: result: yes
configure:13308: g++ -c -g -O2  conftest.cpp >&5
configure:13311: $? = 0
configure:13831: checking for g++ option to produce PIC
configure:13838: result: -fPIC -DPIC
configure:13846: checking if g++ PIC flag -fPIC -DPIC works
configure:13864: g++ -c -g -O2  -fPIC -DPIC -DPIC conftest.cpp >&5
configure:13868: $? = 0
configure:13881: result: yes
configure:13904: checking if g++ static flag -static works
configure:13932: result: yes
configure:13944: checking if g++ supports -c -o file.o
configure:13965: g++ -c -g -O2  -o out/conftest2.o conftest.cpp >&5
configure:13969: $? = 0
configure:13991: result: yes
configure:13996: checking if g++ supports -c -o file.o
configure:14043: result: yes
configure:14073: checking whether the g++ linker (/usr/bin/ld) supports shared libraries
configure:14107: result: yes
configure:14250: checking dynamic linker characteristics
configure:14924: result: GNU/Linux ld.so
configure:14977: checking how to hardcode library paths into programs
configure:15002: result: immediate
configure:15233: creating ./config.status

## ---------------- ##
## Cache variables. ##
## ---------------- ##

ac_cv_build=i686-pc-linux-gnu
ac_cv_c_compiler_gnu=yes
ac_cv_cxx_compiler_gnu=yes
ac_cv_env_CCASFLAGS_set=
ac_cv_env_CCASFLAGS_value=
ac_cv_env_CCAS_set=
ac_cv_env_CCAS_value=
ac_cv_env_CCC_set=
ac_cv_env_CCC_value=
ac_cv_env_CC_set=
ac_cv_env_CC_value=
ac_cv_env_CFLAGS_set=
ac_cv_env_CFLAGS_value=
ac_cv_env_CPPFLAGS_set=
ac_cv_env_CPPFLAGS_value=
ac_cv_env_CPP_set=
ac_cv_env_CPP_value=
ac_cv_env_CXXCPP_set=
ac_cv_env_CXXCPP_value=
ac_cv_env_CXXFLAGS_set=
ac_cv_env_CXXFLAGS_value=
ac_cv_env_CXX_set=
ac_cv_env_CXX_value=
ac_cv_env_LDFLAGS_set=
ac_cv_env_LDFLAGS_value=
ac_cv_env_LIBS_set=
ac_cv_env_LIBS_value=
ac_cv_env_build_alias_set=
ac_cv_env_build_alias_value=
ac_cv_env_host_alias_set=
ac_cv_env_host_alias_value=
ac_cv_env_target_alias_set=
ac_cv_env_target_alias_value=
ac_cv_header_dlfcn_h=yes
ac_cv_header_inttypes_h=yes
ac_cv_header_memory_h=yes
ac_cv_header_stdc=yes
ac_cv_header_stdint_h=yes
ac_cv_header_stdlib_h=yes
ac_cv_header_string_h=yes
ac_cv_header_strings_h=yes
ac_cv_header_sys_stat_h=yes
ac_cv_header_sys_types_h=yes
ac_cv_header_unistd_h=yes
ac_cv_host=i686-pc-linux-gnu
ac_cv_objext=o
ac_cv_path_EGREP='/bin/grep -E'
ac_cv_path_FGREP='/bin/grep -F'
ac_cv_path_GREP=/bin/grep
ac_cv_path_SED=/bin/sed
ac_cv_path_install='/usr/bin/install -c'
ac_cv_path_mkdir=/bin/mkdir
ac_cv_prog_AWK=mawk
ac_cv_prog_CPP='gcc -E'
ac_cv_prog_CXXCPP='g++ -E'
ac_cv_prog_ac_ct_AR=ar
ac_cv_prog_ac_ct_CC=gcc
ac_cv_prog_ac_ct_CXX=g++
ac_cv_prog_ac_ct_MANIFEST_TOOL=mt
ac_cv_prog_ac_ct_OBJDUMP=objdump
ac_cv_prog_ac_ct_RANLIB=ranlib
ac_cv_prog_ac_ct_STRIP=strip
ac_cv_prog_cc_c89=
ac_cv_prog_cc_g=yes
ac_cv_prog_cxx_g=yes
ac_cv_prog_make_make_set=yes
am_cv_CCAS_dependencies_compiler_type=gcc3
am_cv_CC_dependencies_compiler_type=gcc3
am_cv_CXX_dependencies_compiler_type=gcc3
lt_cv_ar_at_file=@
lt_cv_archive_cmds_need_lc=no
lt_cv_deplibs_check_method=pass_all
lt_cv_file_magic_cmd='$MAGIC_CMD'
lt_cv_file_magic_test_file=
lt_cv_ld_reload_flag=-r
lt_cv_nm_interface='BSD nm'
lt_cv_objdir=.libs
lt_cv_path_LD=/usr/bin/ld
lt_cv_path_LDCXX=/usr/bin/ld
lt_cv_path_NM='/usr/bin/nm -B'
lt_cv_path_mainfest_tool=no
lt_cv_prog_compiler_c_o=yes
lt_cv_prog_compiler_c_o_CXX=yes
lt_cv_prog_compiler_pic='-fPIC -DPIC'
lt_cv_prog_compiler_pic_CXX='-fPIC -DPIC'
lt_cv_prog_compiler_pic_works=yes
lt_cv_prog_compiler_pic_works_CXX=yes
lt_cv_prog_compiler_rtti_exceptions=no
lt_cv_prog_compiler_static_works=yes
lt_cv_prog_compiler_static_works_CXX=yes
lt_cv_prog_gnu_ld=yes
lt_cv_prog_gnu_ldcxx=yes
lt_cv_sharedlib_from_linklib_cmd='printf %s\n'
lt_cv_shlibpath_overrides_runpath=no
lt_cv_sys_global_symbol_pipe='sed -n -e '\''s/^.*[	 ]\([ABCDGIRSTW][ABCDGIRSTW]*\)[	 ][	 ]*\([_A-Za-z][_A-Za-z0-9]*\)$/\1 \2 \2/p'\'' | sed '\''/ __gnu_lto/d'\'''
lt_cv_sys_global_symbol_to_c_name_address='sed -n -e '\''s/^: \([^ ]*\)[ ]*$/  {\"\1\", (void *) 0},/p'\'' -e '\''s/^[ABCDGIRSTW]* \([^ ]*\) \([^ ]*\)$/  {"\2", (void *) \&\2},/p'\'''
lt_cv_sys_global_symbol_to_c_name_address_lib_prefix='sed -n -e '\''s/^: \([^ ]*\)[ ]*$/  {\"\1\", (void *) 0},/p'\'' -e '\''s/^[ABCDGIRSTW]* \([^ ]*\) \(lib[^ ]*\)$/  {"\2", (void *) \&\2},/p'\'' -e '\''s/^[ABCDGIRSTW]* \([^ ]*\) \([^ ]*\)$/  {"lib\2", (void *) \&\2},/p'\'''
lt_cv_sys_global_symbol_to_cdecl='sed -n -e '\''s/^T .* \(.*\)$/extern int \1();/p'\'' -e '\''s/^[ABCDGIRSTW]* .* \(.*\)$/extern char \1;/p'\'''
lt_cv_sys_max_cmd_len=805306365
lt_cv_to_host_file_cmd=func_convert_file_noop
lt_cv_to_tool_file_cmd=func_convert_file_noop

## ----------------- ##
## Output variables. ##
## ----------------- ##

ACLOCAL='${SHELL} /home/jeremie/PAG/ORPR/libpeerreview-1.0.9-light/missing --run aclocal-1.11'
AMDEPBACKSLASH='\'
AMDEP_FALSE='#'
AMDEP_TRUE=''
AMTAR='${SHELL} /home/jeremie/PAG/ORPR/libpeerreview-1.0.9-light/missing --run tar'
AR='ar'
AUTOCONF='${SHELL} /home/jeremie/PAG/ORPR/libpeerreview-1.0.9-light/missing --run autoconf'
AUTOHEADER='${SHELL} /home/jeremie/PAG/ORPR/libpeerreview-1.0.9-light/missing --run autoheader'
AUTOMAKE='${SHELL} /home/jeremie/PAG/ORPR/libpeerreview-1.0.9-light/missing --run automake-1.11'
AWK='mawk'
CC='gcc'
CCAS='gcc'
CCASDEPMODE='depmode=gcc3'
CCASFLAGS='-g -O2'
CCDEPMODE='depmode=gcc3'
CFLAGS='-g -O2'
CPP='gcc -E'
CPPFLAGS=' -I$(top_srcdir)/include'
CXX='g++'
CXXCPP='g++ -E'
CXXDEPMODE='depmode=gcc3'
CXXFLAGS='-g -O2'
CYGPATH_W='echo'
DEFS='-DHAVE_CONFIG_H'
DEPDIR='.deps'
DLLTOOL='false'
DSYMUTIL=''
DUMPBIN=''
ECHO_C=''
ECHO_N='-n'
ECHO_T=''
EGREP='/bin/grep -E'
EXEEXT=''
FGREP='/bin/grep -F'
GREP='/bin/grep'
INSTALL_DATA='${INSTALL} -m 644'
INSTALL_PROGRAM='${INSTALL}'
INSTALL_SCRIPT='${INSTALL}'
INSTALL_STRIP_PROGRAM='$(install_sh) -c -s'
LD='/usr/bin/ld'
LDFLAGS=''
LIBOBJS=''
LIBS=''
LIBTOOL='$(SHELL) $(top_builddir)/libtool'
LIPO=''
LN_S='ln -s'
LTLIBOBJS=''
MAINTAINERCLEANFILES=' Makefile.in'
MAKEINFO='${SHELL} /home/jeremie/PAG/ORPR/libpeerreview-1.0.9-light/missing --run makeinfo'
MANIFEST_TOOL=':'
MKDIR_P='/bin/mkdir -p'
NM='/usr/bin/nm -B'
NMEDIT=''
OBJDUMP='objdump'
OBJEXT='o'
OTOOL64=''
OTOOL=''
PACKAGE='libpeerreview'
PACKAGE_BUGREPORT=''
PACKAGE_NAME=''
PACKAGE_STRING=''
PACKAGE_TARNAME=''
PACKAGE_URL=''
PACKAGE_VERSION=''
PATH_SEPARATOR=':'
RANLIB='ranlib'
SED='/bin/sed'
SET_MAKE=''
SHELL='/bin/bash'
STRIP='strip'
VERSION='1.0.9'
WITH_VRF_FALSE=''
WITH_VRF_TRUE='#'
ac_ct_AR='ar'
ac_ct_CC='gcc'
ac_ct_CXX='g++'
ac_ct_DUMPBIN=''
am__EXEEXT_FALSE=''
am__EXEEXT_TRUE='#'
am__fastdepCCAS_FALSE='#'
am__fastdepCCAS_TRUE=''
am__fastdepCC_FALSE='#'
am__fastdepCC_TRUE=''
am__fastdepCXX_FALSE='#'
am__fastdepCXX_TRUE=''
am__include='include'
am__isrc=''
am__leading_dot='.'
am__quote=''
am__tar='${AMTAR} chof - "$$tardir"'
am__untar='${AMTAR} xf -'
bindir='${exec_prefix}/bin'
build='i686-pc-linux-gnu'
build_alias=''
build_cpu='i686'
build_os='linux-gnu'
build_vendor='pc'
datadir='${datarootdir}'
datarootdir='${prefix}/share'
docdir='${datarootdir}/doc/${PACKAGE}'
dvidir='${docdir}'
exec_prefix='${prefix}'
host='i686-pc-linux-gnu'
host_alias=''
host_cpu='i686'
host_os='linux-gnu'
host_vendor='pc'
htmldir='${docdir}'
includedir='${prefix}/include'
infodir='${datarootdir}/info'
install_sh='${SHELL} /home/jeremie/PAG/ORPR/libpeerreview-1.0.9-light/install-sh'
libdir='${exec_prefix}/lib'
libexecdir='${exec_prefix}/libexec'
localedir='${datarootdir}/locale'
localstatedir='${prefix}/var'
mandir='${datarootdir}/man'
mkdir_p='/bin/mkdir -p'
oldincludedir='/usr/include'
pdfdir='${docdir}'
prefix='/usr/local'
program_transform_name='s,x,x,'
psdir='${docdir}'
sbindir='${exec_prefix}/sbin'
sharedstatedir='${prefix}/com'
sysconfdir='${prefix}/etc'
target_alias=''

## ----------- ##
## confdefs.h. ##
## ----------- ##

/* confdefs.h */
#define PACKAGE_NAME ""
#define PACKAGE_TARNAME ""
#define PACKAGE_VERSION ""
#define PACKAGE_STRING ""
#define PACKAGE_BUGREPORT ""
#define PACKAGE_URL ""
#define PACKAGE "libpeerreview"
#define VERSION "1.0.9"
#define STDC_HEADERS 1
#define HAVE_SYS_TYPES_H 1
#define HAVE_SYS_STAT_H 1
#define HAVE_STDLIB_H 1
#define HAVE_STRING_H 1
#define HAVE_MEMORY_H 1
#define HAVE_STRINGS_H 1
#define HAVE_INTTYPES_H 1
#define HAVE_STDINT_H 1
#define HAVE_UNISTD_H 1
#define HAVE_DLFCN_H 1
#define LT_OBJDIR ".libs/"

configure: exit 0

## ---------------------- ##
## Running config.status. ##
## ---------------------- ##

This file was extended by config.status, which was
generated by GNU Autoconf 2.68.  Invocation command line was

  CONFIG_FILES    = 
  CONFIG_HEADERS  = 
  CONFIG_LINKS    = 
  CONFIG_COMMANDS = 
  $ ./config.status 

on californium

config.status:1160: creating Makefile
config.status:1160: creating include/Makefile
config.status:1160: creating include/peerreview/config.h
config.status:1341: include/peerreview/config.h is unchanged
config.status:1389: executing depfiles commands
config.status:1389: executing libtool commands
