This file contains any messages produced by compilers while
running configure, to aid debugging if configure makes a mistake.

It was created by configure, which was
generated by GNU Autoconf 2.68.  Invocation command line was

  $ ./configure 

## --------- ##
## Platform. ##
## --------- ##

hostname = californium
uname -m = i686
uname -r = 3.2.0-58-generic-pae
uname -s = Linux
uname -v = #88-Ubuntu SMP Tue Dec 3 18:00:02 UTC 2013

/usr/bin/uname -p = unknown
/bin/uname -X     = unknown

/bin/arch              = unknown
/usr/bin/arch -k       = unknown
/usr/convex/getsysinfo = unknown
/usr/bin/hostinfo      = unknown
/bin/machine           = unknown
/usr/bin/oslevel       = unknown
/bin/universe          = unknown

PATH: /usr/local/texlive/2013/bin/i386-linux
PATH: /usr/lib/lightdm/lightdm
PATH: /usr/local/sbin
PATH: /usr/local/bin
PATH: /usr/sbin
PATH: /usr/bin
PATH: /sbin
PATH: /bin
PATH: /usr/games
PATH: /home/jeremie/sim/omnetpp-4.2.1/bin


## ----------- ##
## Core tests. ##
## ----------- ##

configure:2271: checking for a BSD-compatible install
configure:2339: result: /usr/bin/install -c
configure:2350: checking whether build environment is sane
configure:2400: result: yes
configure:2541: checking for a thread-safe mkdir -p
configure:2580: result: /bin/mkdir -p
configure:2593: checking for gawk
configure:2623: result: no
configure:2593: checking for mawk
configure:2609: found /usr/bin/mawk
configure:2620: result: mawk
configure:2631: checking whether make sets $(MAKE)
configure:2653: result: yes
configure:2782: checking for gcc
configure:2798: found /usr/bin/gcc
configure:2809: result: gcc
configure:3038: checking for C compiler version
configure:3047: gcc --version >&5
gcc (Ubuntu/Linaro 4.6.3-1ubuntu5) 4.6.3
Copyright (C) 2011 Free Software Foundation, Inc.
This is free software; see the source for copying conditions.  There is NO
warranty; not even for MERCHANTABILITY or FITNESS FOR A PARTICULAR PURPOSE.

configure:3058: $? = 0
configure:3047: gcc -v >&5
Using built-in specs.
COLLECT_GCC=gcc
COLLECT_LTO_WRAPPER=/usr/lib/gcc/i686-linux-gnu/4.6/lto-wrapper
Target: i686-linux-gnu
Configured with: ../src/configure -v --with-pkgversion='Ubuntu/Linaro 4.6.3-1ubuntu5' --with-bugurl=file:///usr/share/doc/gcc-4.6/README.Bugs --enable-languages=c,c++,fortran,objc,obj-c++ --prefix=/usr --program-suffix=-4.6 --enable-shared --enable-linker-build-id --with-system-zlib --libexecdir=/usr/lib --without-included-gettext --enable-threads=posix --with-gxx-include-dir=/usr/include/c++/4.6 --libdir=/usr/lib --enable-nls --with-sysroot=/ --enable-clocale=gnu --enable-libstdcxx-debug --enable-libstdcxx-time=yes --enable-gnu-unique-object --enable-plugin --enable-objc-gc --enable-targets=all --disable-werror --with-arch-32=i686 --with-tune=generic --enable-checking=release --build=i686-linux-gnu --host=i686-linux-gnu --target=i686-linux-gnu
Thread model: posix
gcc version 4.6.3 (Ubuntu/Linaro 4.6.3-1ubuntu5) 
configure:3058: $? = 0
configure:3047: gcc -V >&5
gcc: error: unrecognized option '-V'
gcc: fatal error: no input files
compilation terminated.
configure:3058: $? = 4
configure:3047: gcc -qversion >&5
gcc: error: unrecognized option '-qversion'
gcc: fatal error: no input files
compilation terminated.
configure:3058: $? = 4
configure:3078: checking whether the C compiler works
configure:3100: gcc    conftest.c  >&5
configure:3104: $? = 0
configure:3152: result: yes
configure:3155: checking for C compiler default output file name
configure:3157: result: a.out
configure:3163: checking for suffix of executables
configure:3170: gcc -o conftest    conftest.c  >&5
configure:3174: $? = 0
configure:3196: result: 
configure:3218: checking whether we are cross compiling
configure:3226: gcc -o conftest    conftest.c  >&5
configure:3230: $? = 0
configure:3237: ./conftest
configure:3241: $? = 0
configure:3256: result: no
configure:3261: checking for suffix of object files
configure:3283: gcc -c   conftest.c >&5
configure:3287: $? = 0
configure:3308: result: o
configure:3312: checking whether we are using the GNU C compiler
configure:3331: gcc -c   conftest.c >&5
configure:3331: $? = 0
configure:3340: result: yes
configure:3349: checking whether gcc accepts -g
configure:3369: gcc -c -g  conftest.c >&5
configure:3369: $? = 0
configure:3410: result: yes
configure:3427: checking for gcc option to accept ISO C89
configure:3491: gcc  -c -g -O2  conftest.c >&5
configure:3491: $? = 0
configure:3504: result: none needed
configure:3535: checking for style of include used by make
configure:3563: result: GNU
configure:3588: checking dependency style of gcc
configure:3698: result: gcc3
configure:3771: checking for g++
configure:3787: found /usr/bin/g++
configure:3798: result: g++
configure:3825: checking for C++ compiler version
configure:3834: g++ --version >&5
g++ (Ubuntu/Linaro 4.6.3-1ubuntu5) 4.6.3
Copyright (C) 2011 Free Software Foundation, Inc.
This is free software; see the source for copying conditions.  There is NO
warranty; not even for MERCHANTABILITY or FITNESS FOR A PARTICULAR PURPOSE.

configure:3845: $? = 0
configure:3834: g++ -v >&5
Using built-in specs.
COLLECT_GCC=g++
COLLECT_LTO_WRAPPER=/usr/lib/gcc/i686-linux-gnu/4.6/lto-wrapper
Target: i686-linux-gnu
Configured with: ../src/configure -v --with-pkgversion='Ubuntu/Linaro 4.6.3-1ubuntu5' --with-bugurl=file:///usr/share/doc/gcc-4.6/README.Bugs --enable-languages=c,c++,fortran,objc,obj-c++ --prefix=/usr --program-suffix=-4.6 --enable-shared --enable-linker-build-id --with-system-zlib --libexecdir=/usr/lib --without-included-gettext --enable-threads=posix --with-gxx-include-dir=/usr/include/c++/4.6 --libdir=/usr/lib --enable-nls --with-sysroot=/ --enable-clocale=gnu --enable-libstdcxx-debug --enable-libstdcxx-time=yes --enable-gnu-unique-object --enable-plugin --enable-objc-gc --enable-targets=all --disable-werror --with-arch-32=i686 --with-tune=generic --enable-checking=release --build=i686-linux-gnu --host=i686-linux-gnu --target=i686-linux-gnu
Thread model: posix
gcc version 4.6.3 (Ubuntu/Linaro 4.6.3-1ubuntu5) 
configure:3845: $? = 0
configure:3834: g++ -V >&5
g++: error: unrecognized option '-V'
g++: fatal error: no input files
compilation terminated.
configure:3845: $? = 4
configure:3834: g++ -qversion >&5
g++: error: unrecognized option '-qversion'
g++: fatal error: no input files
compilation terminated.
configure:3845: $? = 4
configure:3849: checking whether we are using the GNU C++ compiler
configure:3868: g++ -c   conftest.cpp >&5
configure:3868: $? = 0
configure:3877: result: yes
configure:3886: checking whether g++ accepts -g
configure:3906: g++ -c -g  conftest.cpp >&5
configure:3906: $? = 0
configure:3947: result: yes
configure:3972: checking dependency style of g++
configure:4082: result: gcc3
configure:4106: checking dependency style of gcc
configure:4214: result: gcc3
configure:4272: checking for ranlib
configure:4288: found /usr/bin/ranlib
configure:4299: result: ranlib
configure:4350: checking build system type
configure:4364: result: i686-pc-linux-gnu
configure:4384: checking host system type
configure:4397: result: i686-pc-linux-gnu
configure:4438: checking how to print strings
configure:4465: result: printf
configure:4486: checking for a sed that does not truncate output
configure:4550: result: /bin/sed
configure:4568: checking for grep that handles long lines and -e
configure:4626: result: /bin/grep
configure:4631: checking for egrep
configure:4693: result: /bin/grep -E
configure:4698: checking for fgrep
configure:4760: result: /bin/grep -F
configure:4795: checking for ld used by gcc
configure:4862: result: /usr/bin/ld
configure:4869: checking if the linker (/usr/bin/ld) is GNU ld
configure:4884: result: yes
configure:4896: checking for BSD- or MS-compatible name lister (nm)
configure:4945: result: /usr/bin/nm -B
configure:5075: checking the name lister (/usr/bin/nm -B) interface
configure:5082: gcc -c -g -O2  conftest.c >&5
configure:5085: /usr/bin/nm -B "conftest.o"
configure:5088: output
00000000 B some_variable
configure:5095: result: BSD nm
configure:5098: checking whether ln -s works
configure:5102: result: yes
configure:5110: checking the maximum length of command line arguments
configure:5235: result: 1572864
configure:5252: checking whether the shell understands some XSI constructs
configure:5262: result: yes
configure:5266: checking whether the shell understands "+="
configure:5272: result: yes
configure:5307: checking how to convert i686-pc-linux-gnu file names to i686-pc-linux-gnu format
configure:5347: result: func_convert_file_noop
configure:5354: checking how to convert i686-pc-linux-gnu file names to toolchain format
configure:5374: result: func_convert_file_noop
configure:5381: checking for /usr/bin/ld option to reload object files
configure:5388: result: -r
configure:5462: checking for objdump
configure:5478: found /usr/bin/objdump
configure:5489: result: objdump
configure:5521: checking how to recognize dependent libraries
configure:5723: result: pass_all
configure:5808: checking for dlltool
configure:5838: result: no
configure:5868: checking how to associate runtime and link libraries
configure:5895: result: printf %s\n
configure:5956: checking for ar
configure:5972: found /usr/bin/ar
configure:5983: result: ar
configure:6020: checking for archiver @FILE support
configure:6037: gcc -c -g -O2  conftest.c >&5
configure:6037: $? = 0
configure:6040: ar cru libconftest.a @conftest.lst >&5
configure:6043: $? = 0
configure:6048: ar cru libconftest.a @conftest.lst >&5
ar: conftest.o: No such file or directory
configure:6051: $? = 1
configure:6063: result: @
configure:6121: checking for strip
configure:6137: found /usr/bin/strip
configure:6148: result: strip
configure:6220: checking for ranlib
configure:6247: result: ranlib
configure:6349: checking command to parse /usr/bin/nm -B output from gcc object
configure:6468: gcc -c -g -O2  conftest.c >&5
configure:6471: $? = 0
configure:6475: /usr/bin/nm -B conftest.o \| sed -n -e 's/^.*[ ]\([ABCDGIRSTW][ABCDGIRSTW]*\)[ ][ ]*\([_A-Za-z][_A-Za-z0-9]*\)$/\1 \2 \2/p' | sed '/ __gnu_lto/d' \> conftest.nm
configure:6478: $? = 0
configure:6544: gcc -o conftest -g -O2   conftest.c conftstm.o >&5
configure:6547: $? = 0
configure:6585: result: ok
configure:6622: checking for sysroot
configure:6652: result: no
configure:6895: checking for mt
configure:6911: found /bin/mt
configure:6922: result: mt
configure:6945: checking if mt is a manifest tool
configure:6951: mt '-?'
configure:6959: result: no
configure:7591: checking how to run the C preprocessor
configure:7622: gcc -E  conftest.c
configure:7622: $? = 0
configure:7636: gcc -E  conftest.c
conftest.c:11:28: fatal error: ac_nonexistent.h: No such file or directory
compilation terminated.
configure:7636: $? = 1
configure: failed program was:
| /* confdefs.h */
| #define PACKAGE_NAME ""
| #define PACKAGE_TARNAME ""
| #define PACKAGE_VERSION ""
| #define PACKAGE_STRING ""
| #define PACKAGE_BUGREPORT ""
| #define PACKAGE_URL ""
| #define PACKAGE "libparameters"
| #define VERSION "1.0.0"
| /* end confdefs.h.  */
| #include <ac_nonexistent.h>
configure:7661: result: gcc -E
configure:7681: gcc -E  conftest.c
configure:7681: $? = 0
configure:7695: gcc -E  conftest.c
conftest.c:11:28: fatal error: ac_nonexistent.h: No such file or directory
compilation terminated.
configure:7695: $? = 1
configure: failed program was:
| /* confdefs.h */
| #define PACKAGE_NAME ""
| #define PACKAGE_TARNAME ""
| #define PACKAGE_VERSION ""
| #define PACKAGE_STRING ""
| #define PACKAGE_BUGREPORT ""
| #define PACKAGE_URL ""
| #define PACKAGE "libparameters"
| #define VERSION "1.0.0"
| /* end confdefs.h.  */
| #include <ac_nonexistent.h>
configure:7724: checking for ANSI C header files
configure:7744: gcc -c -g -O2  conftest.c >&5
configure:7744: $? = 0
configure:7817: gcc -o conftest -g -O2   conftest.c  >&5
configure:7817: $? = 0
configure:7817: ./conftest
configure:7817: $? = 0
configure:7828: result: yes
configure:7841: checking for sys/types.h
configure:7841: gcc -c -g -O2  conftest.c >&5
configure:7841: $? = 0
configure:7841: result: yes
configure:7841: checking for sys/stat.h
configure:7841: gcc -c -g -O2  conftest.c >&5
configure:7841: $? = 0
configure:7841: result: yes
configure:7841: checking for stdlib.h
configure:7841: gcc -c -g -O2  conftest.c >&5
configure:7841: $? = 0
configure:7841: result: yes
configure:7841: checking for string.h
configure:7841: gcc -c -g -O2  conftest.c >&5
configure:7841: $? = 0
configure:7841: result: yes
configure:7841: checking for memory.h
configure:7841: gcc -c -g -O2  conftest.c >&5
configure:7841: $? = 0
configure:7841: result: yes
configure:7841: checking for strings.h
configure:7841: gcc -c -g -O2  conftest.c >&5
configure:7841: $? = 0
configure:7841: result: yes
configure:7841: checking for inttypes.h
configure:7841: gcc -c -g -O2  conftest.c >&5
configure:7841: $? = 0
configure:7841: result: yes
configure:7841: checking for stdint.h
configure:7841: gcc -c -g -O2  conftest.c >&5
configure:7841: $? = 0
configure:7841: result: yes
configure:7841: checking for unistd.h
configure:7841: gcc -c -g -O2  conftest.c >&5
configure:7841: $? = 0
configure:7841: result: yes
configure:7855: checking for dlfcn.h
configure:7855: gcc -c -g -O2  conftest.c >&5
configure:7855: $? = 0
configure:7855: result: yes
configure:8053: checking for objdir
configure:8068: result: .libs
configure:8335: checking if gcc supports -fno-rtti -fno-exceptions
configure:8353: gcc -c -g -O2  -fno-rtti -fno-exceptions conftest.c >&5
cc1: warning: command line option '-fno-rtti' is valid for C++/ObjC++ but not for C [enabled by default]
configure:8357: $? = 0
configure:8370: result: no
configure:8680: checking for gcc option to produce PIC
configure:8687: result: -fPIC -DPIC
configure:8695: checking if gcc PIC flag -fPIC -DPIC works
configure:8713: gcc -c -g -O2  -fPIC -DPIC -DPIC conftest.c >&5
configure:8717: $? = 0
configure:8730: result: yes
configure:8759: checking if gcc static flag -static works
configure:8787: result: yes
configure:8802: checking if gcc supports -c -o file.o
configure:8823: gcc -c -g -O2  -o out/conftest2.o conftest.c >&5
configure:8827: $? = 0
configure:8849: result: yes
configure:8857: checking if gcc supports -c -o file.o
configure:8904: result: yes
configure:8937: checking whether the gcc linker (/usr/bin/ld) supports shared libraries
configure:10095: result: yes
configure:10132: checking whether -lc should be explicitly linked in
configure:10140: gcc -c -g -O2  conftest.c >&5
configure:10143: $? = 0
configure:10158: gcc -shared  -fPIC -DPIC conftest.o  -v -Wl,-soname -Wl,conftest -o conftest 2\>\&1 \| /bin/grep  -lc  \>/dev/null 2\>\&1
configure:10161: $? = 0
configure:10175: result: no
configure:10340: checking dynamic linker characteristics
configure:10854: gcc -o conftest -g -O2   -Wl,-rpath -Wl,/foo conftest.c  >&5
configure:10854: $? = 0
configure:11080: result: GNU/Linux ld.so
configure:11187: checking how to hardcode library paths into programs
configure:11212: result: immediate
configure:11752: checking whether stripping libraries is possible
configure:11757: result: yes
configure:11792: checking if libtool supports shared libraries
configure:11794: result: yes
configure:11797: checking whether to build shared libraries
configure:11818: result: yes
configure:11821: checking whether to build static libraries
configure:11825: result: yes
configure:11848: checking how to run the C++ preprocessor
configure:11875: g++ -E  conftest.cpp
configure:11875: $? = 0
configure:11889: g++ -E  conftest.cpp
conftest.cpp:23:28: fatal error: ac_nonexistent.h: No such file or directory
compilation terminated.
configure:11889: $? = 1
configure: failed program was:
| /* confdefs.h */
| #define PACKAGE_NAME ""
| #define PACKAGE_TARNAME ""
| #define PACKAGE_VERSION ""
| #define PACKAGE_STRING ""
| #define PACKAGE_BUGREPORT ""
| #define PACKAGE_URL ""
| #define PACKAGE "libparameters"
| #define VERSION "1.0.0"
| #define STDC_HEADERS 1
| #define HAVE_SYS_TYPES_H 1
| #define HAVE_SYS_STAT_H 1
| #define HAVE_STDLIB_H 1
| #define HAVE_STRING_H 1
| #define HAVE_MEMORY_H 1
| #define HAVE_STRINGS_H 1
| #define HAVE_INTTYPES_H 1
| #define HAVE_STDINT_H 1
| #define HAVE_UNISTD_H 1
| #define HAVE_DLFCN_H 1
| #define LT_OBJDIR ".libs/"
| /* end confdefs.h.  */
| #include <ac_nonexistent.h>
configure:11914: result: g++ -E
configure:11934: g++ -E  conftest.cpp
configure:11934: $? = 0
configure:11948: g++ -E  conftest.cpp
conftest.cpp:23:28: fatal error: ac_nonexistent.h: No such file or directory
compilation terminated.
configure:11948: $? = 1
configure: failed program was:
| /* confdefs.h */
| #define PACKAGE_NAME ""
| #define PACKAGE_TARNAME ""
| #define PACKAGE_VERSION ""
| #define PACKAGE_STRING ""
| #define PACKAGE_BUGREPORT ""
| #define PACKAGE_URL ""
| #define PACKAGE "libparameters"
| #define VERSION "1.0.0"
| #define STDC_HEADERS 1
| #define HAVE_SYS_TYPES_H 1
| #define HAVE_SYS_STAT_H 1
| #define HAVE_STDLIB_H 1
| #define HAVE_STRING_H 1
| #define HAVE_MEMORY_H 1
| #define HAVE_STRINGS_H 1
| #define HAVE_INTTYPES_H 1
| #define HAVE_STDINT_H 1
| #define HAVE_UNISTD_H 1
| #define HAVE_DLFCN_H 1
| #define LT_OBJDIR ".libs/"
| /* end confdefs.h.  */
| #include <ac_nonexistent.h>
configure:12118: checking for ld used by g++
configure:12185: result: /usr/bin/ld
configure:12192: checking if the linker (/usr/bin/ld) is GNU ld
configure:12207: result: yes
configure:12262: checking whether the g++ linker (/usr/bin/ld) supports shared libraries
configure:13266: result: yes
configure:13301: g++ -c -g -O2  conftest.cpp >&5
configure:13304: $? = 0
configure:13824: checking for g++ option to produce PIC
configure:13831: result: -fPIC -DPIC
configure:13839: checking if g++ PIC flag -fPIC -DPIC works
configure:13857: g++ -c -g -O2  -fPIC -DPIC -DPIC conftest.cpp >&5
configure:13861: $? = 0
configure:13874: result: yes
configure:13897: checking if g++ static flag -static works
configure:13925: result: yes
configure:13937: checking if g++ supports -c -o file.o
configure:13958: g++ -c -g -O2  -o out/conftest2.o conftest.cpp >&5
configure:13962: $? = 0
configure:13984: result: yes
configure:13989: checking if g++ supports -c -o file.o
configure:14036: result: yes
configure:14066: checking whether the g++ linker (/usr/bin/ld) supports shared libraries
configure:14100: result: yes
configure:14243: checking dynamic linker characteristics
configure:14917: result: GNU/Linux ld.so
configure:14970: checking how to hardcode library paths into programs
configure:14995: result: immediate
configure:15237: creating ./config.status

## ---------------------- ##
## Running config.status. ##
## ---------------------- ##

This file was extended by config.status, which was
generated by GNU Autoconf 2.68.  Invocation command line was

  CONFIG_FILES    = 
  CONFIG_HEADERS  = 
  CONFIG_LINKS    = 
  CONFIG_COMMANDS = 
  $ ./config.status 

on californium

config.status:1081: creating Makefile
config.status:1081: creating src/Makefile
config.status:1081: creating include/Makefile
config.status:1253: executing depfiles commands
config.status:1253: executing libtool commands

## ---------------- ##
## Cache variables. ##
## ---------------- ##

ac_cv_build=i686-pc-linux-gnu
ac_cv_c_compiler_gnu=yes
ac_cv_cxx_compiler_gnu=yes
ac_cv_env_CCASFLAGS_set=
ac_cv_env_CCASFLAGS_value=
ac_cv_env_CCAS_set=
ac_cv_env_CCAS_value=
ac_cv_env_CCC_set=
ac_cv_env_CCC_value=
ac_cv_env_CC_set=
ac_cv_env_CC_value=
ac_cv_env_CFLAGS_set=
ac_cv_env_CFLAGS_value=
ac_cv_env_CPPFLAGS_set=
ac_cv_env_CPPFLAGS_value=
ac_cv_env_CPP_set=
ac_cv_env_CPP_value=
ac_cv_env_CXXCPP_set=
ac_cv_env_CXXCPP_value=
ac_cv_env_CXXFLAGS_set=
ac_cv_env_CXXFLAGS_value=
ac_cv_env_CXX_set=
ac_cv_env_CXX_value=
ac_cv_env_LDFLAGS_set=
ac_cv_env_LDFLAGS_value=
ac_cv_env_LIBS_set=
ac_cv_env_LIBS_value=
ac_cv_env_build_alias_set=
ac_cv_env_build_alias_value=
ac_cv_env_host_alias_set=
ac_cv_env_host_alias_value=
ac_cv_env_target_alias_set=
ac_cv_env_target_alias_value=
ac_cv_header_dlfcn_h=yes
ac_cv_header_inttypes_h=yes
ac_cv_header_memory_h=yes
ac_cv_header_stdc=yes
ac_cv_header_stdint_h=yes
ac_cv_header_stdlib_h=yes
ac_cv_header_string_h=yes
ac_cv_header_strings_h=yes
ac_cv_header_sys_stat_h=yes
ac_cv_header_sys_types_h=yes
ac_cv_header_unistd_h=yes
ac_cv_host=i686-pc-linux-gnu
ac_cv_objext=o
ac_cv_path_EGREP='/bin/grep -E'
ac_cv_path_FGREP='/bin/grep -F'
ac_cv_path_GREP=/bin/grep
ac_cv_path_SED=/bin/sed
ac_cv_path_install='/usr/bin/install -c'
ac_cv_path_mkdir=/bin/mkdir
ac_cv_prog_AWK=mawk
ac_cv_prog_CPP='gcc -E'
ac_cv_prog_CXXCPP='g++ -E'
ac_cv_prog_ac_ct_AR=ar
ac_cv_prog_ac_ct_CC=gcc
ac_cv_prog_ac_ct_CXX=g++
ac_cv_prog_ac_ct_MANIFEST_TOOL=mt
ac_cv_prog_ac_ct_OBJDUMP=objdump
ac_cv_prog_ac_ct_RANLIB=ranlib
ac_cv_prog_ac_ct_STRIP=strip
ac_cv_prog_cc_c89=
ac_cv_prog_cc_g=yes
ac_cv_prog_cxx_g=yes
ac_cv_prog_make_make_set=yes
am_cv_CCAS_dependencies_compiler_type=gcc3
am_cv_CC_dependencies_compiler_type=gcc3
am_cv_CXX_dependencies_compiler_type=gcc3
lt_cv_ar_at_file=@
lt_cv_archive_cmds_need_lc=no
lt_cv_deplibs_check_method=pass_all
lt_cv_file_magic_cmd='$MAGIC_CMD'
lt_cv_file_magic_test_file=
lt_cv_ld_reload_flag=-r
lt_cv_nm_interface='BSD nm'
lt_cv_objdir=.libs
lt_cv_path_LD=/usr/bin/ld
lt_cv_path_LDCXX=/usr/bin/ld
lt_cv_path_NM='/usr/bin/nm -B'
lt_cv_path_mainfest_tool=no
lt_cv_prog_compiler_c_o=yes
lt_cv_prog_compiler_c_o_CXX=yes
lt_cv_prog_compiler_pic='-fPIC -DPIC'
lt_cv_prog_compiler_pic_CXX='-fPIC -DPIC'
lt_cv_prog_compiler_pic_works=yes
lt_cv_prog_compiler_pic_works_CXX=yes
lt_cv_prog_compiler_rtti_exceptions=no
lt_cv_prog_compiler_static_works=yes
lt_cv_prog_compiler_static_works_CXX=yes
lt_cv_prog_gnu_ld=yes
lt_cv_prog_gnu_ldcxx=yes
lt_cv_sharedlib_from_linklib_cmd='printf %s\n'
lt_cv_shlibpath_overrides_runpath=no
lt_cv_sys_global_symbol_pipe='sed -n -e '\''s/^.*[	 ]\([ABCDGIRSTW][ABCDGIRSTW]*\)[	 ][	 ]*\([_A-Za-z][_A-Za-z0-9]*\)$/\1 \2 \2/p'\'' | sed '\''/ __gnu_lto/d'\'''
lt_cv_sys_global_symbol_to_c_name_address='sed -n -e '\''s/^: \([^ ]*\)[ ]*$/  {\"\1\", (void *) 0},/p'\'' -e '\''s/^[ABCDGIRSTW]* \([^ ]*\) \([^ ]*\)$/  {"\2", (void *) \&\2},/p'\'''
lt_cv_sys_global_symbol_to_c_name_address_lib_prefix='sed -n -e '\''s/^: \([^ ]*\)[ ]*$/  {\"\1\", (void *) 0},/p'\'' -e '\''s/^[ABCDGIRSTW]* \([^ ]*\) \(lib[^ ]*\)$/  {"\2", (void *) \&\2},/p'\'' -e '\''s/^[ABCDGIRSTW]* \([^ ]*\) \([^ ]*\)$/  {"lib\2", (void *) \&\2},/p'\'''
lt_cv_sys_global_symbol_to_cdecl='sed -n -e '\''s/^T .* \(.*\)$/extern int \1();/p'\'' -e '\''s/^[ABCDGIRSTW]* .* \(.*\)$/extern char \1;/p'\'''
lt_cv_sys_max_cmd_len=1572864
lt_cv_to_host_file_cmd=func_convert_file_noop
lt_cv_to_tool_file_cmd=func_convert_file_noop

## ----------------- ##
## Output variables. ##
## ----------------- ##

ACLOCAL='${SHELL} /home/jeremie/PAG/ORPR/libparameters-1.0.0/missing --run aclocal-1.11'
AMDEPBACKSLASH='\'
AMDEP_FALSE='#'
AMDEP_TRUE=''
AMTAR='${SHELL} /home/jeremie/PAG/ORPR/libparameters-1.0.0/missing --run tar'
AR='ar'
AUTOCONF='${SHELL} /home/jeremie/PAG/ORPR/libparameters-1.0.0/missing --run autoconf'
AUTOHEADER='${SHELL} /home/jeremie/PAG/ORPR/libparameters-1.0.0/missing --run autoheader'
AUTOMAKE='${SHELL} /home/jeremie/PAG/ORPR/libparameters-1.0.0/missing --run automake-1.11'
AWK='mawk'
CC='gcc'
CCAS='gcc'
CCASDEPMODE='depmode=gcc3'
CCASFLAGS='-g -O2'
CCDEPMODE='depmode=gcc3'
CFLAGS='-g -O2'
CPP='gcc -E'
CPPFLAGS=' -I$(top_srcdir)/include/'
CXX='g++'
CXXCPP='g++ -E'
CXXDEPMODE='depmode=gcc3'
CXXFLAGS='-g -O2'
CYGPATH_W='echo'
DEFS='-DPACKAGE_NAME=\"\" -DPACKAGE_TARNAME=\"\" -DPACKAGE_VERSION=\"\" -DPACKAGE_STRING=\"\" -DPACKAGE_BUGREPORT=\"\" -DPACKAGE_URL=\"\" -DPACKAGE=\"libparameters\" -DVERSION=\"1.0.0\" -DSTDC_HEADERS=1 -DHAVE_SYS_TYPES_H=1 -DHAVE_SYS_STAT_H=1 -DHAVE_STDLIB_H=1 -DHAVE_STRING_H=1 -DHAVE_MEMORY_H=1 -DHAVE_STRINGS_H=1 -DHAVE_INTTYPES_H=1 -DHAVE_STDINT_H=1 -DHAVE_UNISTD_H=1 -DHAVE_DLFCN_H=1 -DLT_OBJDIR=\".libs/\"'
DEPDIR='.deps'
DLLTOOL='false'
DSYMUTIL=''
DUMPBIN=''
ECHO_C=''
ECHO_N='-n'
ECHO_T=''
EGREP='/bin/grep -E'
EXEEXT=''
FGREP='/bin/grep -F'
GREP='/bin/grep'
INSTALL_DATA='${INSTALL} -m 644'
INSTALL_PROGRAM='${INSTALL}'
INSTALL_SCRIPT='${INSTALL}'
INSTALL_STRIP_PROGRAM='$(install_sh) -c -s'
LD='/usr/bin/ld'
LDFLAGS=''
LIBOBJS=''
LIBS=''
LIBTOOL='$(SHELL) $(top_builddir)/libtool'
LIPO=''
LN_S='ln -s'
LTLIBOBJS=''
MAINTAINERCLEANFILES=' Makefile.in'
MAKEINFO='${SHELL} /home/jeremie/PAG/ORPR/libparameters-1.0.0/missing --run makeinfo'
MANIFEST_TOOL=':'
MKDIR_P='/bin/mkdir -p'
NM='/usr/bin/nm -B'
NMEDIT=''
OBJDUMP='objdump'
OBJEXT='o'
OTOOL64=''
OTOOL=''
PACKAGE='libparameters'
PACKAGE_BUGREPORT=''
PACKAGE_NAME=''
PACKAGE_STRING=''
PACKAGE_TARNAME=''
PACKAGE_URL=''
PACKAGE_VERSION=''
PATH_SEPARATOR=':'
RANLIB='ranlib'
SED='/bin/sed'
SET_MAKE=''
SHELL='/bin/bash'
STRIP='strip'
VERSION='1.0.0'
ac_ct_AR='ar'
ac_ct_CC='gcc'
ac_ct_CXX='g++'
ac_ct_DUMPBIN=''
am__EXEEXT_FALSE=''
am__EXEEXT_TRUE='#'
am__fastdepCCAS_FALSE='#'
am__fastdepCCAS_TRUE=''
am__fastdepCC_FALSE='#'
am__fastdepCC_TRUE=''
am__fastdepCXX_FALSE='#'
am__fastdepCXX_TRUE=''
am__include='include'
am__isrc=''
am__leading_dot='.'
am__quote=''
am__tar='${AMTAR} chof - "$$tardir"'
am__untar='${AMTAR} xf -'
bindir='${exec_prefix}/bin'
build='i686-pc-linux-gnu'
build_alias=''
build_cpu='i686'
build_os='linux-gnu'
build_vendor='pc'
datadir='${datarootdir}'
datarootdir='${prefix}/share'
docdir='${datarootdir}/doc/${PACKAGE}'
dvidir='${docdir}'
exec_prefix='${prefix}'
host='i686-pc-linux-gnu'
host_alias=''
host_cpu='i686'
host_os='linux-gnu'
host_vendor='pc'
htmldir='${docdir}'
includedir='${prefix}/include'
infodir='${datarootdir}/info'
install_sh='${SHELL} /home/jeremie/PAG/ORPR/libparameters-1.0.0/install-sh'
libdir='${exec_prefix}/lib'
libexecdir='${exec_prefix}/libexec'
localedir='${datarootdir}/locale'
localstatedir='${prefix}/var'
mandir='${datarootdir}/man'
mkdir_p='/bin/mkdir -p'
oldincludedir='/usr/include'
pdfdir='${docdir}'
prefix='/usr/local'
program_transform_name='s,x,x,'
psdir='${docdir}'
sbindir='${exec_prefix}/sbin'
sharedstatedir='${prefix}/com'
sysconfdir='${prefix}/etc'
target_alias=''

## ----------- ##
## confdefs.h. ##
## ----------- ##

/* confdefs.h */
#define PACKAGE_NAME ""
#define PACKAGE_TARNAME ""
#define PACKAGE_VERSION ""
#define PACKAGE_STRING ""
#define PACKAGE_BUGREPORT ""
#define PACKAGE_URL ""
#define PACKAGE "libparameters"
#define VERSION "1.0.0"
#define STDC_HEADERS 1
#define HAVE_SYS_TYPES_H 1
#define HAVE_SYS_STAT_H 1
#define HAVE_STDLIB_H 1
#define HAVE_STRING_H 1
#define HAVE_MEMORY_H 1
#define HAVE_STRINGS_H 1
#define HAVE_INTTYPES_H 1
#define HAVE_STDINT_H 1
#define HAVE_UNISTD_H 1
#define HAVE_DLFCN_H 1
#define LT_OBJDIR ".libs/"

configure: exit 0

## ---------------------- ##
## Running config.status. ##
## ---------------------- ##

This file was extended by config.status, which was
generated by GNU Autoconf 2.68.  Invocation command line was

  CONFIG_FILES    = 
  CONFIG_HEADERS  = 
  CONFIG_LINKS    = 
  CONFIG_COMMANDS = 
  $ ./config.status Makefile

on californium

config.status:1081: creating Makefile

## ---------------------- ##
## Running config.status. ##
## ---------------------- ##

This file was extended by config.status, which was
generated by GNU Autoconf 2.68.  Invocation command line was

  CONFIG_FILES    = 
  CONFIG_HEADERS  = 
  CONFIG_LINKS    = 
  CONFIG_COMMANDS = 
  $ ./config.status include/Makefile

on californium

config.status:1081: creating include/Makefile

## ---------------------- ##
## Running config.status. ##
## ---------------------- ##

This file was extended by config.status, which was
generated by GNU Autoconf 2.68.  Invocation command line was

  CONFIG_FILES    = 
  CONFIG_HEADERS  = 
  CONFIG_LINKS    = 
  CONFIG_COMMANDS = 
  $ ./config.status src/Makefile depfiles

on californium

config.status:1081: creating src/Makefile
config.status:1253: executing depfiles commands
